This file contains any messages produced by compilers while
running configure, to aid debugging if configure makes a mistake.

It was created by tesseract configure 3.02.02, which was
generated by GNU Autoconf 2.69.  Invocation command line was

  $ ./src/configure 

## --------- ##
## Platform. ##
## --------- ##

hostname = Dimuthus-MacBook-Pro.local
uname -m = x86_64
uname -r = 13.1.0
uname -s = Darwin
uname -v = Darwin Kernel Version 13.1.0: Wed Apr  2 23:52:02 PDT 2014; root:xnu-2422.92.1~2/RELEASE_X86_64

/usr/bin/uname -p = i386
/bin/uname -X     = unknown

/bin/arch              = unknown
/usr/bin/arch -k       = unknown
/usr/convex/getsysinfo = unknown
/usr/bin/hostinfo      = Mach kernel version:
	 Darwin Kernel Version 13.1.0: Wed Apr  2 23:52:02 PDT 2014; root:xnu-2422.92.1~2/RELEASE_X86_64
Kernel configured for up to 4 processors.
2 processors are physically available.
4 processors are logically available.
Processor type: i486 (Intel 80486)
Processors active: 0 1 2 3
Primary memory available: 4.00 gigabytes
Default processor set: 192 tasks, 1054 threads, 4 processors
Load average: 0.88, Mach factor: 3.11
/bin/machine           = unknown
/usr/bin/oslevel       = unknown
/bin/universe          = unknown

PATH: /Users/dimuthuupeksha/Documents/Academic/internship/WSO2/svn/dimuthuu/Axis2/addressing.mar
PATH: /opt/local/bin
PATH: /opt/local/sbin
PATH: /usr/bin
PATH: /bin
PATH: /usr/sbin
PATH: /sbin
PATH: /usr/local/bin
PATH: /Applications/Xcode.app/Contents/Developer/Toolchains/OSX10.8.xctoolchain/usr/bin
PATH: /Applications/Xcode.app/Contents/Developer/usr/bin
PATH: /opt/X11/bin
PATH: /Users/dimuthuupeksha/.rvm/bin
PATH: /usr/local/mysql/bin
PATH: /usr/local/apache-ant/bin
PATH: /usr/local/apache-maven-3.0.4/bin
PATH: /Users/dimuthuupeksha/Documents/Academic/internship/axis2-1.6.2/lib/XmlSchema-1.4.7.jar
PATH: /Users/dimuthuupeksha/Documents/Academic/internship/axis2-1.6.2/lib/activation-1.1.jar
PATH: /Users/dimuthuupeksha/Documents/Academic/internship/axis2-1.6.2/lib/antlr-2.7.7.jar
PATH: /Users/dimuthuupeksha/Documents/Academic/internship/axis2-1.6.2/lib/apache-mime4j-core-0.7.2.jar
PATH: /Users/dimuthuupeksha/Documents/Academic/internship/axis2-1.6.2/lib/axiom-api-1.2.13.jar
PATH: /Users/dimuthuupeksha/Documents/Academic/internship/axis2-1.6.2/lib/axiom-dom-1.2.13.jar
PATH: /Users/dimuthuupeksha/Documents/Academic/internship/axis2-1.6.2/lib/axiom-impl-1.2.13.jar
PATH: /Users/dimuthuupeksha/Documents/Academic/internship/axis2-1.6.2/lib/axis2-adb-1.6.2.jar
PATH: /Users/dimuthuupeksha/Documents/Academic/internship/axis2-1.6.2/lib/axis2-adb-codegen-1.6.2.jar
PATH: /Users/dimuthuupeksha/Documents/Academic/internship/axis2-1.6.2/lib/axis2-ant-plugin-1.6.2.jar
PATH: /Users/dimuthuupeksha/Documents/Academic/internship/axis2-1.6.2/lib/axis2-clustering-1.6.2.jar
PATH: /Users/dimuthuupeksha/Documents/Academic/internship/axis2-1.6.2/lib/axis2-codegen-1.6.2.jar
PATH: /Users/dimuthuupeksha/Documents/Academic/internship/axis2-1.6.2/lib/axis2-corba-1.6.2.jar
PATH: /Users/dimuthuupeksha/Documents/Academic/internship/axis2-1.6.2/lib/axis2-fastinfoset-1.6.2.jar
PATH: /Users/dimuthuupeksha/Documents/Academic/internship/axis2-1.6.2/lib/axis2-java2wsdl-1.6.2.jar
PATH: /Users/dimuthuupeksha/Documents/Academic/internship/axis2-1.6.2/lib/axis2-jaxbri-1.6.2.jar
PATH: /Users/dimuthuupeksha/Documents/Academic/internship/axis2-1.6.2/lib/axis2-jaxws-1.6.2.jar
PATH: /Users/dimuthuupeksha/Documents/Academic/internship/axis2-1.6.2/lib/axis2-jibx-1.6.2.jar
PATH: /Users/dimuthuupeksha/Documents/Academic/internship/axis2-1.6.2/lib/axis2-json-1.6.2.jar
PATH: /Users/dimuthuupeksha/Documents/Academic/internship/axis2-1.6.2/lib/axis2-kernel-1.6.2.jar
PATH: /Users/dimuthuupeksha/Documents/Academic/internship/axis2-1.6.2/lib/axis2-metadata-1.6.2.jar
PATH: /Users/dimuthuupeksha/Documents/Academic/internship/axis2-1.6.2/lib/axis2-mtompolicy-1.6.2.jar
PATH: /Users/dimuthuupeksha/Documents/Academic/internship/axis2-1.6.2/lib/axis2-saaj-1.6.2.jar
PATH: /Users/dimuthuupeksha/Documents/Academic/internship/axis2-1.6.2/lib/axis2-soapmonitor-servlet-1.6.2.jar
PATH: /Users/dimuthuupeksha/Documents/Academic/internship/axis2-1.6.2/lib/axis2-spring-1.6.2.jar
PATH: /Users/dimuthuupeksha/Documents/Academic/internship/axis2-1.6.2/lib/axis2-transport-http-1.6.2.jar
PATH: /Users/dimuthuupeksha/Documents/Academic/internship/axis2-1.6.2/lib/axis2-transport-local-1.6.2.jar
PATH: /Users/dimuthuupeksha/Documents/Academic/internship/axis2-1.6.2/lib/axis2-xmlbeans-1.6.2.jar
PATH: /Users/dimuthuupeksha/Documents/Academic/internship/axis2-1.6.2/lib/bcel-5.1.jar
PATH: /Users/dimuthuupeksha/Documents/Academic/internship/axis2-1.6.2/lib/commons-cli-1.2.jar
PATH: /Users/dimuthuupeksha/Documents/Academic/internship/axis2-1.6.2/lib/commons-codec-1.3.jar
PATH: /Users/dimuthuupeksha/Documents/Academic/internship/axis2-1.6.2/lib/commons-fileupload-1.2.jar
PATH: /Users/dimuthuupeksha/Documents/Academic/internship/axis2-1.6.2/lib/commons-httpclient-3.1.jar
PATH: /Users/dimuthuupeksha/Documents/Academic/internship/axis2-1.6.2/lib/commons-io-1.4.jar
PATH: /Users/dimuthuupeksha/Documents/Academic/internship/axis2-1.6.2/lib/commons-logging-1.1.1.jar
PATH: /Users/dimuthuupeksha/Documents/Academic/internship/axis2-1.6.2/lib/geronimo-annotation_1.0_spec-1.1.jar
PATH: /Users/dimuthuupeksha/Documents/Academic/internship/axis2-1.6.2/lib/geronimo-jaxws_2.2_spec-1.0.jar
PATH: /Users/dimuthuupeksha/Documents/Academic/internship/axis2-1.6.2/lib/geronimo-jta_1.1_spec-1.1.jar
PATH: /Users/dimuthuupeksha/Documents/Academic/internship/axis2-1.6.2/lib/geronimo-saaj_1.3_spec-1.0.1.jar
PATH: /Users/dimuthuupeksha/Documents/Academic/internship/axis2-1.6.2/lib/geronimo-stax-api_1.0_spec-1.0.1.jar
PATH: /Users/dimuthuupeksha/Documents/Academic/internship/axis2-1.6.2/lib/geronimo-ws-metadata_2.0_spec-1.1.2.jar
PATH: /Users/dimuthuupeksha/Documents/Academic/internship/axis2-1.6.2/lib/httpcore-4.0.jar
PATH: /Users/dimuthuupeksha/Documents/Academic/internship/axis2-1.6.2/lib/jalopy-1.5rc3.jar
PATH: /Users/dimuthuupeksha/Documents/Academic/internship/axis2-1.6.2/lib/jaxb-api-2.1.jar
PATH: /Users/dimuthuupeksha/Documents/Academic/internship/axis2-1.6.2/lib/jaxb-impl-2.1.7.jar
PATH: /Users/dimuthuupeksha/Documents/Academic/internship/axis2-1.6.2/lib/jaxb-xjc-2.1.7.jar
PATH: /Users/dimuthuupeksha/Documents/Academic/internship/axis2-1.6.2/lib/jaxen-1.1.1.jar
PATH: /Users/dimuthuupeksha/Documents/Academic/internship/axis2-1.6.2/lib/jaxws-tools-2.1.3.jar
PATH: /Users/dimuthuupeksha/Documents/Academic/internship/axis2-1.6.2/lib/jettison-1.0-RC2.jar
PATH: /Users/dimuthuupeksha/Documents/Academic/internship/axis2-1.6.2/lib/jibx-bind-1.2.jar
PATH: /Users/dimuthuupeksha/Documents/Academic/internship/axis2-1.6.2/lib/jibx-run-1.2.jar
PATH: /Users/dimuthuupeksha/Documents/Academic/internship/axis2-1.6.2/lib/jsr311-api-1.0.jar
PATH: /Users/dimuthuupeksha/Documents/Academic/internship/axis2-1.6.2/lib/juli-6.0.16.jar
PATH: /Users/dimuthuupeksha/Documents/Academic/internship/axis2-1.6.2/lib/log4j-1.2.15.jar
PATH: /Users/dimuthuupeksha/Documents/Academic/internship/axis2-1.6.2/lib/mail-1.4.jar
PATH: /Users/dimuthuupeksha/Documents/Academic/internship/axis2-1.6.2/lib/mex-1.6.2-impl.jar
PATH: /Users/dimuthuupeksha/Documents/Academic/internship/axis2-1.6.2/lib/neethi-3.0.2.jar
PATH: /Users/dimuthuupeksha/Documents/Academic/internship/axis2-1.6.2/lib/regexp-1.2.jar
PATH: /Users/dimuthuupeksha/Documents/Academic/internship/axis2-1.6.2/lib/tribes-6.0.16.jar
PATH: /Users/dimuthuupeksha/Documents/Academic/internship/axis2-1.6.2/lib/woden-api-1.0M9.jar
PATH: /Users/dimuthuupeksha/Documents/Academic/internship/axis2-1.6.2/lib/woden-impl-commons-1.0M9.jar
PATH: /Users/dimuthuupeksha/Documents/Academic/internship/axis2-1.6.2/lib/woden-impl-dom-1.0M9.jar
PATH: /Users/dimuthuupeksha/Documents/Academic/internship/axis2-1.6.2/lib/wsdl4j-1.6.2.jar
PATH: /Users/dimuthuupeksha/Documents/Academic/internship/axis2-1.6.2/lib/wstx-asl-3.2.9.jar
PATH: /Users/dimuthuupeksha/Documents/Academic/internship/axis2-1.6.2/lib/xalan-2.7.0.jar
PATH: /Users/dimuthuupeksha/Documents/Academic/internship/axis2-1.6.2/lib/xml-resolver-1.2.jar
PATH: /Users/dimuthuupeksha/Documents/Academic/internship/axis2-1.6.2/lib/xmlbeans-2.3.0.jar
PATH: /Users/dimuthuupeksha/Documents/Academic/buck/buck/bin


## ----------- ##
## Core tests. ##
## ----------- ##

configure:2721: checking build system type
configure:2735: result: x86_64-apple-darwin13.1.0
configure:2755: checking host system type
configure:2768: result: x86_64-apple-darwin13.1.0
configure:2837: checking --enable-graphics argument
configure:2846: result: yes
configure:2863: checking --enable-embedded argument
configure:2872: result: no
configure:2890: checking --enable-visibility argument
configure:2899: result: no
configure:2911: checking --enable-multiple-libraries argument
configure:2920: result: no
configure:2932: checking whether to use tessdata-prefix
configure:2941: result: yes
configure:2953: checking whether to enable debugging
configure:2962: result: no
configure:3076: checking for cl.exe
configure:3106: result: no
configure:3076: checking for g++
configure:3092: found /usr/bin/g++
configure:3103: result: g++
configure:3130: checking for C++ compiler version
configure:3139: g++ --version >&5
Apple LLVM version 5.0 (clang-500.2.79) (based on LLVM 3.3svn)
Target: x86_64-apple-darwin13.1.0
Thread model: posix
Configured with: --prefix=/Applications/Xcode.app/Contents/Developer/usr --with-gxx-include-dir=/usr/include/c++/4.2.1
configure:3150: $? = 0
configure:3139: g++ -v >&5
Configured with: --prefix=/Applications/Xcode.app/Contents/Developer/usr --with-gxx-include-dir=/usr/include/c++/4.2.1
Apple LLVM version 5.0 (clang-500.2.79) (based on LLVM 3.3svn)
Target: x86_64-apple-darwin13.1.0
Thread model: posix
configure:3150: $? = 0
configure:3139: g++ -V >&5
clang: error: argument to '-V' is missing (expected 1 value)
clang: error: no input files
configure:3150: $? = 1
configure:3139: g++ -qversion >&5
clang: error: no input files
configure:3150: $? = 1
configure:3170: checking whether the C++ compiler works
configure:3192: g++   -I/opt/local/include -L/Users/dimuthuupeksha/Documents/Academic/Tesseract-API/src/main/resources/mac/libs -L/opt/local/lib conftest.cpp -lz -llepta -ljpeg -lpng -ltiff >&5
configure:3196: $? = 0
configure:3244: result: yes
configure:3247: checking for C++ compiler default output file name
configure:3249: result: a.out
configure:3255: checking for suffix of executables
configure:3262: g++ -o conftest   -I/opt/local/include -L/Users/dimuthuupeksha/Documents/Academic/Tesseract-API/src/main/resources/mac/libs -L/opt/local/lib conftest.cpp -lz -llepta -ljpeg -lpng -ltiff >&5
configure:3266: $? = 0
configure:3288: result: 
configure:3310: checking whether we are cross compiling
configure:3318: g++ -o conftest   -I/opt/local/include -L/Users/dimuthuupeksha/Documents/Academic/Tesseract-API/src/main/resources/mac/libs -L/opt/local/lib conftest.cpp -lz -llepta -ljpeg -lpng -ltiff >&5
configure:3322: $? = 0
configure:3329: ./conftest
configure:3333: $? = 0
configure:3348: result: no
configure:3353: checking for suffix of object files
configure:3375: g++ -c   -I/opt/local/include conftest.cpp >&5
configure:3379: $? = 0
configure:3400: result: o
configure:3404: checking whether we are using the GNU C++ compiler
configure:3423: g++ -c   -I/opt/local/include conftest.cpp >&5
configure:3423: $? = 0
configure:3432: result: yes
configure:3441: checking whether g++ accepts -g
configure:3461: g++ -c -g  -I/opt/local/include conftest.cpp >&5
configure:3461: $? = 0
configure:3502: result: yes
configure:3574: checking how to print strings
configure:3601: result: printf
configure:3673: checking for gcc
configure:3700: result: g++
configure:3929: checking for C compiler version
configure:3938: g++ --version >&5
Apple LLVM version 5.0 (clang-500.2.79) (based on LLVM 3.3svn)
Target: x86_64-apple-darwin13.1.0
Thread model: posix
Configured with: --prefix=/Applications/Xcode.app/Contents/Developer/usr --with-gxx-include-dir=/usr/include/c++/4.2.1
configure:3949: $? = 0
configure:3938: g++ -v >&5
Configured with: --prefix=/Applications/Xcode.app/Contents/Developer/usr --with-gxx-include-dir=/usr/include/c++/4.2.1
Apple LLVM version 5.0 (clang-500.2.79) (based on LLVM 3.3svn)
Target: x86_64-apple-darwin13.1.0
Thread model: posix
configure:3949: $? = 0
configure:3938: g++ -V >&5
clang: error: argument to '-V' is missing (expected 1 value)
clang: error: no input files
configure:3949: $? = 1
configure:3938: g++ -qversion >&5
clang: error: no input files
configure:3949: $? = 1
configure:3953: checking whether we are using the GNU C compiler
configure:3972: g++ -c   -I/opt/local/include conftest.c >&5
clang: warning: treating 'c' input as 'c++' when in C++ mode, this behavior is deprecated
configure:3972: $? = 0
configure:3981: result: yes
configure:3990: checking whether g++ accepts -g
configure:4010: g++ -c -g  -I/opt/local/include conftest.c >&5
clang: warning: treating 'c' input as 'c++' when in C++ mode, this behavior is deprecated
configure:4010: $? = 0
configure: failed program was:
| /* confdefs.h */
| #define PACKAGE_NAME "tesseract"
| #define PACKAGE_TARNAME "tesseract"
| #define PACKAGE_VERSION "3.02.02"
| #define PACKAGE_STRING "tesseract 3.02.02"
| #define PACKAGE_BUGREPORT "http://code.google.com/p/tesseract-ocr/issues/list"
| #define PACKAGE_URL ""
| #define PACKAGE_NAME "tesseract"
| #define PACKAGE_VERSION "3.02.02"
| #define PACKAGE_YEAR "2012"
| #define PACKAGE_DATE "10/23"
| /* end confdefs.h.  */
| 
| int
| main ()
| {
| 
|   ;
|   return 0;
| }
configure:4025: g++ -c   -I/opt/local/include conftest.c >&5
clang: warning: treating 'c' input as 'c++' when in C++ mode, this behavior is deprecated
configure:4025: $? = 0
configure: failed program was:
| /* confdefs.h */
| #define PACKAGE_NAME "tesseract"
| #define PACKAGE_TARNAME "tesseract"
| #define PACKAGE_VERSION "3.02.02"
| #define PACKAGE_STRING "tesseract 3.02.02"
| #define PACKAGE_BUGREPORT "http://code.google.com/p/tesseract-ocr/issues/list"
| #define PACKAGE_URL ""
| #define PACKAGE_NAME "tesseract"
| #define PACKAGE_VERSION "3.02.02"
| #define PACKAGE_YEAR "2012"
| #define PACKAGE_DATE "10/23"
| /* end confdefs.h.  */
| 
| int
| main ()
| {
| 
|   ;
|   return 0;
| }
configure:4041: g++ -c -g  -I/opt/local/include conftest.c >&5
clang: warning: treating 'c' input as 'c++' when in C++ mode, this behavior is deprecated
configure:4041: $? = 0
configure:4051: result: yes
configure:4068: checking for g++ option to accept ISO C89
configure:4131: g++  -c -g -O2  -I/opt/local/include conftest.c >&5
clang: warning: treating 'c' input as 'c++' when in C++ mode, this behavior is deprecated
conftest.c:19:17: error: C++ requires a type specifier for all declarations
static char *e (p, i)
                ^
conftest.c:19:20: error: unknown type name 'i'
static char *e (p, i)
                   ^
conftest.c:19:22: error: expected ';' after top level declarator
static char *e (p, i)
                     ^
                     ;
conftest.c:22:1: error: expected unqualified-id
{
^
4 errors generated.
configure:4131: $? = 1
configure: failed program was:
| /* confdefs.h */
| #define PACKAGE_NAME "tesseract"
| #define PACKAGE_TARNAME "tesseract"
| #define PACKAGE_VERSION "3.02.02"
| #define PACKAGE_STRING "tesseract 3.02.02"
| #define PACKAGE_BUGREPORT "http://code.google.com/p/tesseract-ocr/issues/list"
| #define PACKAGE_URL ""
| #define PACKAGE_NAME "tesseract"
| #define PACKAGE_VERSION "3.02.02"
| #define PACKAGE_YEAR "2012"
| #define PACKAGE_DATE "10/23"
| /* end confdefs.h.  */
| #include <stdarg.h>
| #include <stdio.h>
| struct stat;
| /* Most of the following tests are stolen from RCS 5.7's src/conf.sh.  */
| struct buf { int x; };
| FILE * (*rcsopen) (struct buf *, struct stat *, int);
| static char *e (p, i)
|      char **p;
|      int i;
| {
|   return p[i];
| }
| static char *f (char * (*g) (char **, int), char **p, ...)
| {
|   char *s;
|   va_list v;
|   va_start (v,p);
|   s = g (p, va_arg (v,int));
|   va_end (v);
|   return s;
| }
| 
| /* OSF 4.0 Compaq cc is some sort of almost-ANSI by default.  It has
|    function prototypes and stuff, but not '\xHH' hex character constants.
|    These don't provoke an error unfortunately, instead are silently treated
|    as 'x'.  The following induces an error, until -std is added to get
|    proper ANSI mode.  Curiously '\x00'!='x' always comes out true, for an
|    array size at least.  It's necessary to write '\x00'==0 to get something
|    that's true only with -std.  */
| int osf4_cc_array ['\x00' == 0 ? 1 : -1];
| 
| /* IBM C 6 for AIX is almost-ANSI by default, but it replaces macro parameters
|    inside strings and character constants.  */
| #define FOO(x) 'x'
| int xlc6_cc_array[FOO(a) == 'x' ? 1 : -1];
| 
| int test (int i, double x);
| struct s1 {int (*f) (int a);};
| struct s2 {int (*f) (double a);};
| int pairnames (int, char **, FILE *(*)(struct buf *, struct stat *, int), int, int);
| int argc;
| char **argv;
| int
| main ()
| {
| return f (e, argv, 0) != argv[0]  ||  f (e, argv, 1) != argv[1];
|   ;
|   return 0;
| }
configure:4131: g++ -qlanglvl=extc89 -c -g -O2  -I/opt/local/include conftest.c >&5
clang: warning: treating 'c' input as 'c++' when in C++ mode, this behavior is deprecated
clang: warning: argument unused during compilation: '-qlanglvl=extc89'
conftest.c:19:17: error: C++ requires a type specifier for all declarations
static char *e (p, i)
                ^
conftest.c:19:20: error: unknown type name 'i'
static char *e (p, i)
                   ^
conftest.c:19:22: error: expected ';' after top level declarator
static char *e (p, i)
                     ^
                     ;
conftest.c:22:1: error: expected unqualified-id
{
^
4 errors generated.
configure:4131: $? = 1
configure: failed program was:
| /* confdefs.h */
| #define PACKAGE_NAME "tesseract"
| #define PACKAGE_TARNAME "tesseract"
| #define PACKAGE_VERSION "3.02.02"
| #define PACKAGE_STRING "tesseract 3.02.02"
| #define PACKAGE_BUGREPORT "http://code.google.com/p/tesseract-ocr/issues/list"
| #define PACKAGE_URL ""
| #define PACKAGE_NAME "tesseract"
| #define PACKAGE_VERSION "3.02.02"
| #define PACKAGE_YEAR "2012"
| #define PACKAGE_DATE "10/23"
| /* end confdefs.h.  */
| #include <stdarg.h>
| #include <stdio.h>
| struct stat;
| /* Most of the following tests are stolen from RCS 5.7's src/conf.sh.  */
| struct buf { int x; };
| FILE * (*rcsopen) (struct buf *, struct stat *, int);
| static char *e (p, i)
|      char **p;
|      int i;
| {
|   return p[i];
| }
| static char *f (char * (*g) (char **, int), char **p, ...)
| {
|   char *s;
|   va_list v;
|   va_start (v,p);
|   s = g (p, va_arg (v,int));
|   va_end (v);
|   return s;
| }
| 
| /* OSF 4.0 Compaq cc is some sort of almost-ANSI by default.  It has
|    function prototypes and stuff, but not '\xHH' hex character constants.
|    These don't provoke an error unfortunately, instead are silently treated
|    as 'x'.  The following induces an error, until -std is added to get
|    proper ANSI mode.  Curiously '\x00'!='x' always comes out true, for an
|    array size at least.  It's necessary to write '\x00'==0 to get something
|    that's true only with -std.  */
| int osf4_cc_array ['\x00' == 0 ? 1 : -1];
| 
| /* IBM C 6 for AIX is almost-ANSI by default, but it replaces macro parameters
|    inside strings and character constants.  */
| #define FOO(x) 'x'
| int xlc6_cc_array[FOO(a) == 'x' ? 1 : -1];
| 
| int test (int i, double x);
| struct s1 {int (*f) (int a);};
| struct s2 {int (*f) (double a);};
| int pairnames (int, char **, FILE *(*)(struct buf *, struct stat *, int), int, int);
| int argc;
| char **argv;
| int
| main ()
| {
| return f (e, argv, 0) != argv[0]  ||  f (e, argv, 1) != argv[1];
|   ;
|   return 0;
| }
configure:4131: g++ -qlanglvl=ansi -c -g -O2  -I/opt/local/include conftest.c >&5
clang: warning: treating 'c' input as 'c++' when in C++ mode, this behavior is deprecated
clang: warning: argument unused during compilation: '-qlanglvl=ansi'
conftest.c:19:17: error: C++ requires a type specifier for all declarations
static char *e (p, i)
                ^
conftest.c:19:20: error: unknown type name 'i'
static char *e (p, i)
                   ^
conftest.c:19:22: error: expected ';' after top level declarator
static char *e (p, i)
                     ^
                     ;
conftest.c:22:1: error: expected unqualified-id
{
^
4 errors generated.
configure:4131: $? = 1
configure: failed program was:
| /* confdefs.h */
| #define PACKAGE_NAME "tesseract"
| #define PACKAGE_TARNAME "tesseract"
| #define PACKAGE_VERSION "3.02.02"
| #define PACKAGE_STRING "tesseract 3.02.02"
| #define PACKAGE_BUGREPORT "http://code.google.com/p/tesseract-ocr/issues/list"
| #define PACKAGE_URL ""
| #define PACKAGE_NAME "tesseract"
| #define PACKAGE_VERSION "3.02.02"
| #define PACKAGE_YEAR "2012"
| #define PACKAGE_DATE "10/23"
| /* end confdefs.h.  */
| #include <stdarg.h>
| #include <stdio.h>
| struct stat;
| /* Most of the following tests are stolen from RCS 5.7's src/conf.sh.  */
| struct buf { int x; };
| FILE * (*rcsopen) (struct buf *, struct stat *, int);
| static char *e (p, i)
|      char **p;
|      int i;
| {
|   return p[i];
| }
| static char *f (char * (*g) (char **, int), char **p, ...)
| {
|   char *s;
|   va_list v;
|   va_start (v,p);
|   s = g (p, va_arg (v,int));
|   va_end (v);
|   return s;
| }
| 
| /* OSF 4.0 Compaq cc is some sort of almost-ANSI by default.  It has
|    function prototypes and stuff, but not '\xHH' hex character constants.
|    These don't provoke an error unfortunately, instead are silently treated
|    as 'x'.  The following induces an error, until -std is added to get
|    proper ANSI mode.  Curiously '\x00'!='x' always comes out true, for an
|    array size at least.  It's necessary to write '\x00'==0 to get something
|    that's true only with -std.  */
| int osf4_cc_array ['\x00' == 0 ? 1 : -1];
| 
| /* IBM C 6 for AIX is almost-ANSI by default, but it replaces macro parameters
|    inside strings and character constants.  */
| #define FOO(x) 'x'
| int xlc6_cc_array[FOO(a) == 'x' ? 1 : -1];
| 
| int test (int i, double x);
| struct s1 {int (*f) (int a);};
| struct s2 {int (*f) (double a);};
| int pairnames (int, char **, FILE *(*)(struct buf *, struct stat *, int), int, int);
| int argc;
| char **argv;
| int
| main ()
| {
| return f (e, argv, 0) != argv[0]  ||  f (e, argv, 1) != argv[1];
|   ;
|   return 0;
| }
configure:4131: g++ -std -c -g -O2  -I/opt/local/include conftest.c >&5
clang: warning: treating 'c' input as 'c++' when in C++ mode, this behavior is deprecated
clang: warning: argument unused during compilation: '-std'
conftest.c:19:17: error: C++ requires a type specifier for all declarations
static char *e (p, i)
                ^
conftest.c:19:20: error: unknown type name 'i'
static char *e (p, i)
                   ^
conftest.c:19:22: error: expected ';' after top level declarator
static char *e (p, i)
                     ^
                     ;
conftest.c:22:1: error: expected unqualified-id
{
^
4 errors generated.
configure:4131: $? = 1
configure: failed program was:
| /* confdefs.h */
| #define PACKAGE_NAME "tesseract"
| #define PACKAGE_TARNAME "tesseract"
| #define PACKAGE_VERSION "3.02.02"
| #define PACKAGE_STRING "tesseract 3.02.02"
| #define PACKAGE_BUGREPORT "http://code.google.com/p/tesseract-ocr/issues/list"
| #define PACKAGE_URL ""
| #define PACKAGE_NAME "tesseract"
| #define PACKAGE_VERSION "3.02.02"
| #define PACKAGE_YEAR "2012"
| #define PACKAGE_DATE "10/23"
| /* end confdefs.h.  */
| #include <stdarg.h>
| #include <stdio.h>
| struct stat;
| /* Most of the following tests are stolen from RCS 5.7's src/conf.sh.  */
| struct buf { int x; };
| FILE * (*rcsopen) (struct buf *, struct stat *, int);
| static char *e (p, i)
|      char **p;
|      int i;
| {
|   return p[i];
| }
| static char *f (char * (*g) (char **, int), char **p, ...)
| {
|   char *s;
|   va_list v;
|   va_start (v,p);
|   s = g (p, va_arg (v,int));
|   va_end (v);
|   return s;
| }
| 
| /* OSF 4.0 Compaq cc is some sort of almost-ANSI by default.  It has
|    function prototypes and stuff, but not '\xHH' hex character constants.
|    These don't provoke an error unfortunately, instead are silently treated
|    as 'x'.  The following induces an error, until -std is added to get
|    proper ANSI mode.  Curiously '\x00'!='x' always comes out true, for an
|    array size at least.  It's necessary to write '\x00'==0 to get something
|    that's true only with -std.  */
| int osf4_cc_array ['\x00' == 0 ? 1 : -1];
| 
| /* IBM C 6 for AIX is almost-ANSI by default, but it replaces macro parameters
|    inside strings and character constants.  */
| #define FOO(x) 'x'
| int xlc6_cc_array[FOO(a) == 'x' ? 1 : -1];
| 
| int test (int i, double x);
| struct s1 {int (*f) (int a);};
| struct s2 {int (*f) (double a);};
| int pairnames (int, char **, FILE *(*)(struct buf *, struct stat *, int), int, int);
| int argc;
| char **argv;
| int
| main ()
| {
| return f (e, argv, 0) != argv[0]  ||  f (e, argv, 1) != argv[1];
|   ;
|   return 0;
| }
configure:4131: g++ -Ae -c -g -O2  -I/opt/local/include conftest.c >&5
clang: warning: treating 'c' input as 'c++' when in C++ mode, this behavior is deprecated
clang: warning: argument unused during compilation: '-A e'
conftest.c:19:17: error: C++ requires a type specifier for all declarations
static char *e (p, i)
                ^
conftest.c:19:20: error: unknown type name 'i'
static char *e (p, i)
                   ^
conftest.c:19:22: error: expected ';' after top level declarator
static char *e (p, i)
                     ^
                     ;
conftest.c:22:1: error: expected unqualified-id
{
^
4 errors generated.
configure:4131: $? = 1
configure: failed program was:
| /* confdefs.h */
| #define PACKAGE_NAME "tesseract"
| #define PACKAGE_TARNAME "tesseract"
| #define PACKAGE_VERSION "3.02.02"
| #define PACKAGE_STRING "tesseract 3.02.02"
| #define PACKAGE_BUGREPORT "http://code.google.com/p/tesseract-ocr/issues/list"
| #define PACKAGE_URL ""
| #define PACKAGE_NAME "tesseract"
| #define PACKAGE_VERSION "3.02.02"
| #define PACKAGE_YEAR "2012"
| #define PACKAGE_DATE "10/23"
| /* end confdefs.h.  */
| #include <stdarg.h>
| #include <stdio.h>
| struct stat;
| /* Most of the following tests are stolen from RCS 5.7's src/conf.sh.  */
| struct buf { int x; };
| FILE * (*rcsopen) (struct buf *, struct stat *, int);
| static char *e (p, i)
|      char **p;
|      int i;
| {
|   return p[i];
| }
| static char *f (char * (*g) (char **, int), char **p, ...)
| {
|   char *s;
|   va_list v;
|   va_start (v,p);
|   s = g (p, va_arg (v,int));
|   va_end (v);
|   return s;
| }
| 
| /* OSF 4.0 Compaq cc is some sort of almost-ANSI by default.  It has
|    function prototypes and stuff, but not '\xHH' hex character constants.
|    These don't provoke an error unfortunately, instead are silently treated
|    as 'x'.  The following induces an error, until -std is added to get
|    proper ANSI mode.  Curiously '\x00'!='x' always comes out true, for an
|    array size at least.  It's necessary to write '\x00'==0 to get something
|    that's true only with -std.  */
| int osf4_cc_array ['\x00' == 0 ? 1 : -1];
| 
| /* IBM C 6 for AIX is almost-ANSI by default, but it replaces macro parameters
|    inside strings and character constants.  */
| #define FOO(x) 'x'
| int xlc6_cc_array[FOO(a) == 'x' ? 1 : -1];
| 
| int test (int i, double x);
| struct s1 {int (*f) (int a);};
| struct s2 {int (*f) (double a);};
| int pairnames (int, char **, FILE *(*)(struct buf *, struct stat *, int), int, int);
| int argc;
| char **argv;
| int
| main ()
| {
| return f (e, argv, 0) != argv[0]  ||  f (e, argv, 1) != argv[1];
|   ;
|   return 0;
| }
configure:4131: g++ -Aa -D_HPUX_SOURCE -c -g -O2  -I/opt/local/include conftest.c >&5
clang: warning: treating 'c' input as 'c++' when in C++ mode, this behavior is deprecated
clang: warning: argument unused during compilation: '-A a'
conftest.c:19:17: error: C++ requires a type specifier for all declarations
static char *e (p, i)
                ^
conftest.c:19:20: error: unknown type name 'i'
static char *e (p, i)
                   ^
conftest.c:19:22: error: expected ';' after top level declarator
static char *e (p, i)
                     ^
                     ;
conftest.c:22:1: error: expected unqualified-id
{
^
4 errors generated.
configure:4131: $? = 1
configure: failed program was:
| /* confdefs.h */
| #define PACKAGE_NAME "tesseract"
| #define PACKAGE_TARNAME "tesseract"
| #define PACKAGE_VERSION "3.02.02"
| #define PACKAGE_STRING "tesseract 3.02.02"
| #define PACKAGE_BUGREPORT "http://code.google.com/p/tesseract-ocr/issues/list"
| #define PACKAGE_URL ""
| #define PACKAGE_NAME "tesseract"
| #define PACKAGE_VERSION "3.02.02"
| #define PACKAGE_YEAR "2012"
| #define PACKAGE_DATE "10/23"
| /* end confdefs.h.  */
| #include <stdarg.h>
| #include <stdio.h>
| struct stat;
| /* Most of the following tests are stolen from RCS 5.7's src/conf.sh.  */
| struct buf { int x; };
| FILE * (*rcsopen) (struct buf *, struct stat *, int);
| static char *e (p, i)
|      char **p;
|      int i;
| {
|   return p[i];
| }
| static char *f (char * (*g) (char **, int), char **p, ...)
| {
|   char *s;
|   va_list v;
|   va_start (v,p);
|   s = g (p, va_arg (v,int));
|   va_end (v);
|   return s;
| }
| 
| /* OSF 4.0 Compaq cc is some sort of almost-ANSI by default.  It has
|    function prototypes and stuff, but not '\xHH' hex character constants.
|    These don't provoke an error unfortunately, instead are silently treated
|    as 'x'.  The following induces an error, until -std is added to get
|    proper ANSI mode.  Curiously '\x00'!='x' always comes out true, for an
|    array size at least.  It's necessary to write '\x00'==0 to get something
|    that's true only with -std.  */
| int osf4_cc_array ['\x00' == 0 ? 1 : -1];
| 
| /* IBM C 6 for AIX is almost-ANSI by default, but it replaces macro parameters
|    inside strings and character constants.  */
| #define FOO(x) 'x'
| int xlc6_cc_array[FOO(a) == 'x' ? 1 : -1];
| 
| int test (int i, double x);
| struct s1 {int (*f) (int a);};
| struct s2 {int (*f) (double a);};
| int pairnames (int, char **, FILE *(*)(struct buf *, struct stat *, int), int, int);
| int argc;
| char **argv;
| int
| main ()
| {
| return f (e, argv, 0) != argv[0]  ||  f (e, argv, 1) != argv[1];
|   ;
|   return 0;
| }
configure:4131: g++ -Xc -D__EXTENSIONS__ -c -g -O2  -I/opt/local/include conftest.c >&5
clang: warning: treating 'c' input as 'c++' when in C++ mode, this behavior is deprecated
clang: warning: argument unused during compilation: '-Xc'
conftest.c:19:17: error: C++ requires a type specifier for all declarations
static char *e (p, i)
                ^
conftest.c:19:20: error: unknown type name 'i'
static char *e (p, i)
                   ^
conftest.c:19:22: error: expected ';' after top level declarator
static char *e (p, i)
                     ^
                     ;
conftest.c:22:1: error: expected unqualified-id
{
^
4 errors generated.
configure:4131: $? = 1
configure: failed program was:
| /* confdefs.h */
| #define PACKAGE_NAME "tesseract"
| #define PACKAGE_TARNAME "tesseract"
| #define PACKAGE_VERSION "3.02.02"
| #define PACKAGE_STRING "tesseract 3.02.02"
| #define PACKAGE_BUGREPORT "http://code.google.com/p/tesseract-ocr/issues/list"
| #define PACKAGE_URL ""
| #define PACKAGE_NAME "tesseract"
| #define PACKAGE_VERSION "3.02.02"
| #define PACKAGE_YEAR "2012"
| #define PACKAGE_DATE "10/23"
| /* end confdefs.h.  */
| #include <stdarg.h>
| #include <stdio.h>
| struct stat;
| /* Most of the following tests are stolen from RCS 5.7's src/conf.sh.  */
| struct buf { int x; };
| FILE * (*rcsopen) (struct buf *, struct stat *, int);
| static char *e (p, i)
|      char **p;
|      int i;
| {
|   return p[i];
| }
| static char *f (char * (*g) (char **, int), char **p, ...)
| {
|   char *s;
|   va_list v;
|   va_start (v,p);
|   s = g (p, va_arg (v,int));
|   va_end (v);
|   return s;
| }
| 
| /* OSF 4.0 Compaq cc is some sort of almost-ANSI by default.  It has
|    function prototypes and stuff, but not '\xHH' hex character constants.
|    These don't provoke an error unfortunately, instead are silently treated
|    as 'x'.  The following induces an error, until -std is added to get
|    proper ANSI mode.  Curiously '\x00'!='x' always comes out true, for an
|    array size at least.  It's necessary to write '\x00'==0 to get something
|    that's true only with -std.  */
| int osf4_cc_array ['\x00' == 0 ? 1 : -1];
| 
| /* IBM C 6 for AIX is almost-ANSI by default, but it replaces macro parameters
|    inside strings and character constants.  */
| #define FOO(x) 'x'
| int xlc6_cc_array[FOO(a) == 'x' ? 1 : -1];
| 
| int test (int i, double x);
| struct s1 {int (*f) (int a);};
| struct s2 {int (*f) (double a);};
| int pairnames (int, char **, FILE *(*)(struct buf *, struct stat *, int), int, int);
| int argc;
| char **argv;
| int
| main ()
| {
| return f (e, argv, 0) != argv[0]  ||  f (e, argv, 1) != argv[1];
|   ;
|   return 0;
| }
configure:4147: result: unsupported
configure:4169: checking whether g++ understands -c and -o together
configure:4191: g++ -c conftest.c -o conftest2.o
clang: warning: treating 'c' input as 'c++' when in C++ mode, this behavior is deprecated
configure:4194: $? = 0
configure:4191: g++ -c conftest.c -o conftest2.o
clang: warning: treating 'c' input as 'c++' when in C++ mode, this behavior is deprecated
configure:4194: $? = 0
configure:4206: result: yes
configure:4223: checking for a sed that does not truncate output
configure:4287: result: /usr/bin/sed
configure:4305: checking for grep that handles long lines and -e
configure:4363: result: /usr/bin/grep
configure:4368: checking for egrep
configure:4430: result: /usr/bin/grep -E
configure:4435: checking for fgrep
configure:4497: result: /usr/bin/grep -F
configure:4532: checking for ld used by g++
configure:4599: result: /Applications/Xcode.app/Contents/Developer/Toolchains/OSX10.8.xctoolchain/usr/bin/ld
configure:4606: checking if the linker (/Applications/Xcode.app/Contents/Developer/Toolchains/OSX10.8.xctoolchain/usr/bin/ld) is GNU ld
configure:4621: result: no
configure:4633: checking for BSD- or MS-compatible name lister (nm)
configure:4682: result: /usr/bin/nm
configure:4812: checking the name lister (/usr/bin/nm) interface
configure:4819: g++ -c -g -O2  -I/opt/local/include conftest.c >&5
clang: warning: treating 'c' input as 'c++' when in C++ mode, this behavior is deprecated
configure:4822: /usr/bin/nm "conftest.o"
configure:4825: output
000000000000023c S _some_variable
configure:4832: result: BSD nm
configure:4835: checking whether ln -s works
configure:4839: result: yes
configure:4847: checking the maximum length of command line arguments
configure:4977: result: 196608
configure:4994: checking whether the shell understands some XSI constructs
configure:5004: result: yes
configure:5008: checking whether the shell understands "+="
configure:5014: result: yes
configure:5049: checking how to convert x86_64-apple-darwin13.1.0 file names to x86_64-apple-darwin13.1.0 format
configure:5089: result: func_convert_file_noop
configure:5096: checking how to convert x86_64-apple-darwin13.1.0 file names to toolchain format
configure:5116: result: func_convert_file_noop
configure:5123: checking for /Applications/Xcode.app/Contents/Developer/Toolchains/OSX10.8.xctoolchain/usr/bin/ld option to reload object files
configure:5130: result: -r
configure:5204: checking for objdump
configure:5234: result: no
configure:5263: checking how to recognize dependent libraries
configure:5465: result: pass_all
configure:5550: checking for dlltool
configure:5580: result: no
configure:5610: checking how to associate runtime and link libraries
configure:5637: result: printf %s\n
configure:5698: checking for ar
configure:5714: found /usr/bin/ar
configure:5725: result: ar
configure:5762: checking for archiver @FILE support
configure:5779: g++ -c -g -O2  -I/opt/local/include conftest.c >&5
clang: warning: treating 'c' input as 'c++' when in C++ mode, this behavior is deprecated
configure:5779: $? = 0
configure:5782: ar cru libconftest.a @conftest.lst >&5
ar: @conftest.lst: No such file or directory
configure:5785: $? = 1
configure:5805: result: no
configure:5863: checking for strip
configure:5879: found /usr/bin/strip
configure:5890: result: strip
configure:5962: checking for ranlib
configure:5978: found /usr/bin/ranlib
configure:5989: result: ranlib
configure:6066: checking for gawk
configure:6096: result: no
configure:6066: checking for mawk
configure:6096: result: no
configure:6066: checking for nawk
configure:6096: result: no
configure:6066: checking for awk
configure:6082: found /usr/bin/awk
configure:6093: result: awk
configure:6133: checking command to parse /usr/bin/nm output from g++ object
configure:6253: g++ -c -g -O2  -I/opt/local/include conftest.c >&5
clang: warning: treating 'c' input as 'c++' when in C++ mode, this behavior is deprecated
configure:6256: $? = 0
configure:6260: /usr/bin/nm conftest.o \| sed -n -e 's/^.*[ ]\([BCDEGRST][BCDEGRST]*\)[ ][ ]*\([_A-Za-z][_A-Za-z0-9]*\)$/\1 \2 \2/p' | sed '/ __gnu_lto/d' \> conftest.nm
configure:6263: $? = 0
cannot find nm_test_var in conftest.nm
configure:6253: g++ -c -g -O2  -I/opt/local/include conftest.c >&5
clang: warning: treating 'c' input as 'c++' when in C++ mode, this behavior is deprecated
configure:6256: $? = 0
configure:6260: /usr/bin/nm conftest.o \| sed -n -e 's/^.*[ ]\([BCDEGRST][BCDEGRST]*\)[ ][ ]*_\([_A-Za-z][_A-Za-z0-9]*\)$/\1 _\2 \2/p' | sed '/ __gnu_lto/d' \> conftest.nm
configure:6263: $? = 0
configure:6329: g++ -o conftest -g -O2  -I/opt/local/include -L/Users/dimuthuupeksha/Documents/Academic/Tesseract-API/src/main/resources/mac/libs -L/opt/local/lib conftest.c conftstm.o >&5
clang: warning: treating 'c' input as 'c++' when in C++ mode, this behavior is deprecated
configure:6332: $? = 0
configure:6370: result: ok
configure:6407: checking for sysroot
configure:6437: result: no
configure:6693: checking for mt
configure:6723: result: no
configure:6743: checking if : is a manifest tool
configure:6749: : '-?'
configure:6757: result: no
configure:6813: checking for dsymutil
configure:6829: found /usr/bin/dsymutil
configure:6840: result: dsymutil
configure:6905: checking for nmedit
configure:6921: found /usr/bin/nmedit
configure:6932: result: nmedit
configure:6997: checking for lipo
configure:7013: found /usr/bin/lipo
configure:7024: result: lipo
configure:7089: checking for otool
configure:7105: found /usr/bin/otool
configure:7116: result: otool
configure:7181: checking for otool64
configure:7211: result: no
configure:7256: checking for -single_module linker flag
g++ -g -O2 -L/Users/dimuthuupeksha/Documents/Academic/Tesseract-API/src/main/resources/mac/libs -L/opt/local/lib -o libconftest.dylib -dynamiclib -Wl,-single_module conftest.c
configure:7289: result: yes
configure:7292: checking for -exported_symbols_list linker flag
configure:7312: g++ -o conftest -g -O2  -I/opt/local/include -L/Users/dimuthuupeksha/Documents/Academic/Tesseract-API/src/main/resources/mac/libs -L/opt/local/lib -Wl,-exported_symbols_list,conftest.sym conftest.c -lz -llepta -ljpeg -lpng -ltiff >&5
clang: warning: treating 'c' input as 'c++' when in C++ mode, this behavior is deprecated
configure:7312: $? = 0
configure:7322: result: yes
configure:7325: checking for -force_load linker flag
g++ -g -O2 -c -o conftest.o conftest.c
clang: warning: treating 'c' input as 'c++' when in C++ mode, this behavior is deprecated
ar cru libconftest.a conftest.o
ranlib libconftest.a
g++ -g -O2 -L/Users/dimuthuupeksha/Documents/Academic/Tesseract-API/src/main/resources/mac/libs -L/opt/local/lib -o conftest conftest.c -Wl,-force_load,./libconftest.a
configure:7357: result: yes
configure:7399: checking how to run the C preprocessor
configure:7430: g++ -E  -I/opt/local/include conftest.c
clang: warning: treating 'c' input as 'c++' when in C++ mode, this behavior is deprecated
configure:7430: $? = 0
configure:7444: g++ -E  -I/opt/local/include conftest.c
clang: warning: treating 'c' input as 'c++' when in C++ mode, this behavior is deprecated
conftest.c:13:10: fatal error: 'ac_nonexistent.h' file not found
#include <ac_nonexistent.h>
         ^
1 error generated.
configure:7444: $? = 1
configure: failed program was:
| /* confdefs.h */
| #define PACKAGE_NAME "tesseract"
| #define PACKAGE_TARNAME "tesseract"
| #define PACKAGE_VERSION "3.02.02"
| #define PACKAGE_STRING "tesseract 3.02.02"
| #define PACKAGE_BUGREPORT "http://code.google.com/p/tesseract-ocr/issues/list"
| #define PACKAGE_URL ""
| #define PACKAGE_NAME "tesseract"
| #define PACKAGE_VERSION "3.02.02"
| #define PACKAGE_YEAR "2012"
| #define PACKAGE_DATE "10/23"
| /* end confdefs.h.  */
| #include <ac_nonexistent.h>
configure:7469: result: g++ -E
configure:7489: g++ -E  -I/opt/local/include conftest.c
clang: warning: treating 'c' input as 'c++' when in C++ mode, this behavior is deprecated
configure:7489: $? = 0
configure:7503: g++ -E  -I/opt/local/include conftest.c
clang: warning: treating 'c' input as 'c++' when in C++ mode, this behavior is deprecated
conftest.c:13:10: fatal error: 'ac_nonexistent.h' file not found
#include <ac_nonexistent.h>
         ^
1 error generated.
configure:7503: $? = 1
configure: failed program was:
| /* confdefs.h */
| #define PACKAGE_NAME "tesseract"
| #define PACKAGE_TARNAME "tesseract"
| #define PACKAGE_VERSION "3.02.02"
| #define PACKAGE_STRING "tesseract 3.02.02"
| #define PACKAGE_BUGREPORT "http://code.google.com/p/tesseract-ocr/issues/list"
| #define PACKAGE_URL ""
| #define PACKAGE_NAME "tesseract"
| #define PACKAGE_VERSION "3.02.02"
| #define PACKAGE_YEAR "2012"
| #define PACKAGE_DATE "10/23"
| /* end confdefs.h.  */
| #include <ac_nonexistent.h>
configure:7532: checking for ANSI C header files
configure:7552: g++ -c -g -O2  -I/opt/local/include conftest.c >&5
clang: warning: treating 'c' input as 'c++' when in C++ mode, this behavior is deprecated
configure:7552: $? = 0
clang: warning: treating 'c' input as 'c++' when in C++ mode, this behavior is deprecated
clang: warning: treating 'c' input as 'c++' when in C++ mode, this behavior is deprecated
configure:7625: g++ -o conftest -g -O2  -I/opt/local/include -L/Users/dimuthuupeksha/Documents/Academic/Tesseract-API/src/main/resources/mac/libs -L/opt/local/lib conftest.c -lz -llepta -ljpeg -lpng -ltiff >&5
clang: warning: treating 'c' input as 'c++' when in C++ mode, this behavior is deprecated
configure:7625: $? = 0
configure:7625: ./conftest
configure:7625: $? = 0
configure:7636: result: yes
configure:7649: checking for sys/types.h
configure:7649: g++ -c -g -O2  -I/opt/local/include conftest.c >&5
clang: warning: treating 'c' input as 'c++' when in C++ mode, this behavior is deprecated
configure:7649: $? = 0
configure:7649: result: yes
configure:7649: checking for sys/stat.h
configure:7649: g++ -c -g -O2  -I/opt/local/include conftest.c >&5
clang: warning: treating 'c' input as 'c++' when in C++ mode, this behavior is deprecated
configure:7649: $? = 0
configure:7649: result: yes
configure:7649: checking for stdlib.h
configure:7649: g++ -c -g -O2  -I/opt/local/include conftest.c >&5
clang: warning: treating 'c' input as 'c++' when in C++ mode, this behavior is deprecated
configure:7649: $? = 0
configure:7649: result: yes
configure:7649: checking for string.h
configure:7649: g++ -c -g -O2  -I/opt/local/include conftest.c >&5
clang: warning: treating 'c' input as 'c++' when in C++ mode, this behavior is deprecated
configure:7649: $? = 0
configure:7649: result: yes
configure:7649: checking for memory.h
configure:7649: g++ -c -g -O2  -I/opt/local/include conftest.c >&5
clang: warning: treating 'c' input as 'c++' when in C++ mode, this behavior is deprecated
configure:7649: $? = 0
configure:7649: result: yes
configure:7649: checking for strings.h
configure:7649: g++ -c -g -O2  -I/opt/local/include conftest.c >&5
clang: warning: treating 'c' input as 'c++' when in C++ mode, this behavior is deprecated
configure:7649: $? = 0
configure:7649: result: yes
configure:7649: checking for inttypes.h
configure:7649: g++ -c -g -O2  -I/opt/local/include conftest.c >&5
clang: warning: treating 'c' input as 'c++' when in C++ mode, this behavior is deprecated
configure:7649: $? = 0
configure:7649: result: yes
configure:7649: checking for stdint.h
configure:7649: g++ -c -g -O2  -I/opt/local/include conftest.c >&5
clang: warning: treating 'c' input as 'c++' when in C++ mode, this behavior is deprecated
configure:7649: $? = 0
configure:7649: result: yes
configure:7649: checking for unistd.h
configure:7649: g++ -c -g -O2  -I/opt/local/include conftest.c >&5
clang: warning: treating 'c' input as 'c++' when in C++ mode, this behavior is deprecated
configure:7649: $? = 0
configure:7649: result: yes
configure:7663: checking for dlfcn.h
configure:7663: g++ -c -g -O2  -I/opt/local/include conftest.c >&5
clang: warning: treating 'c' input as 'c++' when in C++ mode, this behavior is deprecated
configure:7663: $? = 0
configure:7663: result: yes
configure:7880: checking for objdir
configure:7895: result: .libs
configure:8166: checking if g++ supports -fno-rtti -fno-exceptions
configure:8184: g++ -c -g -O2  -I/opt/local/include -fno-rtti -fno-exceptions conftest.c >&5
clang: warning: treating 'c' input as 'c++' when in C++ mode, this behavior is deprecated
configure:8188: $? = 0
configure:8201: result: yes
configure:8528: checking for g++ option to produce PIC
configure:8535: result: -fno-common -DPIC
configure:8543: checking if g++ PIC flag -fno-common -DPIC works
configure:8561: g++ -c -g -O2  -I/opt/local/include -fno-common -DPIC -DPIC conftest.c >&5
clang: warning: treating 'c' input as 'c++' when in C++ mode, this behavior is deprecated
configure:8565: $? = 0
configure:8578: result: yes
configure:8607: checking if g++ static flag -static works
configure:8635: result: no
configure:8650: checking if g++ supports -c -o file.o
configure:8671: g++ -c -g -O2  -I/opt/local/include -o out/conftest2.o conftest.c >&5
clang: warning: treating 'c' input as 'c++' when in C++ mode, this behavior is deprecated
configure:8675: $? = 0
configure:8697: result: yes
configure:8705: checking if g++ supports -c -o file.o
configure:8752: result: yes
configure:8785: checking whether the g++ linker (/Applications/Xcode.app/Contents/Developer/Toolchains/OSX10.8.xctoolchain/usr/bin/ld) supports shared libraries
configure:9938: result: yes
configure:10178: checking dynamic linker characteristics
configure:10911: result: darwin13.1.0 dyld
configure:11018: checking how to hardcode library paths into programs
configure:11043: result: immediate
configure:11583: checking whether stripping libraries is possible
configure:11597: result: yes
configure:11623: checking if libtool supports shared libraries
configure:11625: result: yes
configure:11628: checking whether to build shared libraries
configure:11649: result: yes
configure:11652: checking whether to build static libraries
configure:11656: result: yes
configure:11679: checking how to run the C++ preprocessor
configure:11706: g++ -E  -I/opt/local/include conftest.cpp
configure:11706: $? = 0
configure:11720: g++ -E  -I/opt/local/include conftest.cpp
conftest.cpp:25:10: fatal error: 'ac_nonexistent.h' file not found
#include <ac_nonexistent.h>
         ^
1 error generated.
configure:11720: $? = 1
configure: failed program was:
| /* confdefs.h */
| #define PACKAGE_NAME "tesseract"
| #define PACKAGE_TARNAME "tesseract"
| #define PACKAGE_VERSION "3.02.02"
| #define PACKAGE_STRING "tesseract 3.02.02"
| #define PACKAGE_BUGREPORT "http://code.google.com/p/tesseract-ocr/issues/list"
| #define PACKAGE_URL ""
| #define PACKAGE_NAME "tesseract"
| #define PACKAGE_VERSION "3.02.02"
| #define PACKAGE_YEAR "2012"
| #define PACKAGE_DATE "10/23"
| #define STDC_HEADERS 1
| #define HAVE_SYS_TYPES_H 1
| #define HAVE_SYS_STAT_H 1
| #define HAVE_STDLIB_H 1
| #define HAVE_STRING_H 1
| #define HAVE_MEMORY_H 1
| #define HAVE_STRINGS_H 1
| #define HAVE_INTTYPES_H 1
| #define HAVE_STDINT_H 1
| #define HAVE_UNISTD_H 1
| #define HAVE_DLFCN_H 1
| #define LT_OBJDIR ".libs/"
| /* end confdefs.h.  */
| #include <ac_nonexistent.h>
configure:11745: result: g++ -E
configure:11765: g++ -E  -I/opt/local/include conftest.cpp
configure:11765: $? = 0
configure:11779: g++ -E  -I/opt/local/include conftest.cpp
conftest.cpp:25:10: fatal error: 'ac_nonexistent.h' file not found
#include <ac_nonexistent.h>
         ^
1 error generated.
configure:11779: $? = 1
configure: failed program was:
| /* confdefs.h */
| #define PACKAGE_NAME "tesseract"
| #define PACKAGE_TARNAME "tesseract"
| #define PACKAGE_VERSION "3.02.02"
| #define PACKAGE_STRING "tesseract 3.02.02"
| #define PACKAGE_BUGREPORT "http://code.google.com/p/tesseract-ocr/issues/list"
| #define PACKAGE_URL ""
| #define PACKAGE_NAME "tesseract"
| #define PACKAGE_VERSION "3.02.02"
| #define PACKAGE_YEAR "2012"
| #define PACKAGE_DATE "10/23"
| #define STDC_HEADERS 1
| #define HAVE_SYS_TYPES_H 1
| #define HAVE_SYS_STAT_H 1
| #define HAVE_STDLIB_H 1
| #define HAVE_STRING_H 1
| #define HAVE_MEMORY_H 1
| #define HAVE_STRINGS_H 1
| #define HAVE_INTTYPES_H 1
| #define HAVE_STDINT_H 1
| #define HAVE_UNISTD_H 1
| #define HAVE_DLFCN_H 1
| #define LT_OBJDIR ".libs/"
| /* end confdefs.h.  */
| #include <ac_nonexistent.h>
configure:11948: checking for ld used by g++
configure:12015: result: /Applications/Xcode.app/Contents/Developer/Toolchains/OSX10.8.xctoolchain/usr/bin/ld
configure:12022: checking if the linker (/Applications/Xcode.app/Contents/Developer/Toolchains/OSX10.8.xctoolchain/usr/bin/ld) is GNU ld
configure:12037: result: no
configure:12092: checking whether the g++ linker (/Applications/Xcode.app/Contents/Developer/Toolchains/OSX10.8.xctoolchain/usr/bin/ld) supports shared libraries
configure:13097: result: yes
configure:13133: g++ -c -g -O2  -I/opt/local/include conftest.cpp >&5
configure:13136: $? = 0
configure:13656: checking for g++ option to produce PIC
configure:13663: result: -fno-common -DPIC
configure:13671: checking if g++ PIC flag -fno-common -DPIC works
configure:13689: g++ -c -g -O2  -I/opt/local/include -fno-common -DPIC -DPIC conftest.cpp >&5
configure:13693: $? = 0
configure:13706: result: yes
configure:13729: checking if g++ static flag -static works
configure:13757: result: no
configure:13769: checking if g++ supports -c -o file.o
configure:13790: g++ -c -g -O2  -I/opt/local/include -o out/conftest2.o conftest.cpp >&5
configure:13794: $? = 0
configure:13816: result: yes
configure:13821: checking if g++ supports -c -o file.o
configure:13868: result: yes
configure:13898: checking whether the g++ linker (/Applications/Xcode.app/Contents/Developer/Toolchains/OSX10.8.xctoolchain/usr/bin/ld) supports shared libraries
configure:13934: result: yes
configure:14075: checking dynamic linker characteristics
configure:14742: result: darwin13.1.0 dyld
configure:14795: checking how to hardcode library paths into programs
configure:14820: result: immediate
configure:14906: checking for a BSD-compatible install
configure:14974: result: /usr/bin/install -c
configure:14985: checking whether build environment is sane
configure:15040: result: yes
configure:15075: WARNING: 'missing' script is too old or missing
configure:15188: checking for a thread-safe mkdir -p
configure:15227: result: ./src/config/install-sh -c -d
configure:15230: checking whether make sets $(MAKE)
configure:15252: result: yes
configure:15282: checking for style of include used by make
configure:15310: result: GNU
configure:15344: checking whether make supports nested variables
configure:15361: result: yes
configure:15378: error: source directory already configured; run "make distclean" there first

## ---------------- ##
## Cache variables. ##
## ---------------- ##

ac_cv_build=x86_64-apple-darwin13.1.0
ac_cv_c_compiler_gnu=yes
ac_cv_cxx_compiler_gnu=yes
ac_cv_env_CCC_set=
ac_cv_env_CCC_value=
ac_cv_env_CC_set=set
ac_cv_env_CC_value=g++
ac_cv_env_CFLAGS_set=
ac_cv_env_CFLAGS_value=
ac_cv_env_CPPFLAGS_set=
ac_cv_env_CPPFLAGS_value=
ac_cv_env_CPP_set=
ac_cv_env_CPP_value=
ac_cv_env_CXXCPP_set=
ac_cv_env_CXXCPP_value=
ac_cv_env_CXXFLAGS_set=
ac_cv_env_CXXFLAGS_value=
ac_cv_env_CXX_set=
ac_cv_env_CXX_value=
ac_cv_env_LDFLAGS_set=
ac_cv_env_LDFLAGS_value=
ac_cv_env_LIBLEPT_HEADERSDIR_set=
ac_cv_env_LIBLEPT_HEADERSDIR_value=
ac_cv_env_LIBS_set=
ac_cv_env_LIBS_value=
ac_cv_env_build_alias_set=
ac_cv_env_build_alias_value=
ac_cv_env_host_alias_set=
ac_cv_env_host_alias_value=
ac_cv_env_target_alias_set=
ac_cv_env_target_alias_value=
ac_cv_header_dlfcn_h=yes
ac_cv_header_inttypes_h=yes
ac_cv_header_memory_h=yes
ac_cv_header_stdc=yes
ac_cv_header_stdint_h=yes
ac_cv_header_stdlib_h=yes
ac_cv_header_string_h=yes
ac_cv_header_strings_h=yes
ac_cv_header_sys_stat_h=yes
ac_cv_header_sys_types_h=yes
ac_cv_header_unistd_h=yes
ac_cv_host=x86_64-apple-darwin13.1.0
ac_cv_objext=o
ac_cv_path_EGREP='/usr/bin/grep -E'
ac_cv_path_FGREP='/usr/bin/grep -F'
ac_cv_path_GREP=/usr/bin/grep
ac_cv_path_SED=/usr/bin/sed
ac_cv_path_install='/usr/bin/install -c'
ac_cv_prog_AWK=awk
ac_cv_prog_CPP='g++ -E'
ac_cv_prog_CXXCPP='g++ -E'
ac_cv_prog_ac_ct_AR=ar
ac_cv_prog_ac_ct_CC=g++
ac_cv_prog_ac_ct_CXX=g++
ac_cv_prog_ac_ct_DSYMUTIL=dsymutil
ac_cv_prog_ac_ct_LIPO=lipo
ac_cv_prog_ac_ct_NMEDIT=nmedit
ac_cv_prog_ac_ct_OTOOL=otool
ac_cv_prog_ac_ct_RANLIB=ranlib
ac_cv_prog_ac_ct_STRIP=strip
ac_cv_prog_cc_c89=no
ac_cv_prog_cc_g=yes
ac_cv_prog_cxx_g=yes
ac_cv_prog_make_make_set=yes
am_cv_make_support_nested_variables=yes
am_cv_prog_cc_c_o=yes
lt_cv_apple_cc_single_mod=yes
lt_cv_ar_at_file=no
lt_cv_deplibs_check_method=pass_all
lt_cv_file_magic_cmd='$MAGIC_CMD'
lt_cv_file_magic_test_file=
lt_cv_ld_exported_symbols_list=yes
lt_cv_ld_force_load=yes
lt_cv_ld_reload_flag=-r
lt_cv_nm_interface='BSD nm'
lt_cv_objdir=.libs
lt_cv_path_LD=/Applications/Xcode.app/Contents/Developer/Toolchains/OSX10.8.xctoolchain/usr/bin/ld
lt_cv_path_LDCXX=/Applications/Xcode.app/Contents/Developer/Toolchains/OSX10.8.xctoolchain/usr/bin/ld
lt_cv_path_NM=/usr/bin/nm
lt_cv_path_mainfest_tool=no
lt_cv_prog_compiler_c_o=yes
lt_cv_prog_compiler_c_o_CXX=yes
lt_cv_prog_compiler_pic='-fno-common -DPIC'
lt_cv_prog_compiler_pic_CXX='-fno-common -DPIC'
lt_cv_prog_compiler_pic_works=yes
lt_cv_prog_compiler_pic_works_CXX=yes
lt_cv_prog_compiler_rtti_exceptions=yes
lt_cv_prog_compiler_static_works=no
lt_cv_prog_compiler_static_works_CXX=no
lt_cv_prog_gnu_ld=no
lt_cv_prog_gnu_ldcxx=no
lt_cv_sharedlib_from_linklib_cmd='printf %s\n'
lt_cv_sys_global_symbol_pipe='sed -n -e '\''s/^.*[	 ]\([BCDEGRST][BCDEGRST]*\)[	 ][	 ]*_\([_A-Za-z][_A-Za-z0-9]*\)$/\1 _\2 \2/p'\'' | sed '\''/ __gnu_lto/d'\'''
lt_cv_sys_global_symbol_to_c_name_address='sed -n -e '\''s/^: \([^ ]*\)[ ]*$/  {\"\1\", (void *) 0},/p'\'' -e '\''s/^[BCDEGRST]* \([^ ]*\) \([^ ]*\)$/  {"\2", (void *) \&\2},/p'\'''
lt_cv_sys_global_symbol_to_c_name_address_lib_prefix='sed -n -e '\''s/^: \([^ ]*\)[ ]*$/  {\"\1\", (void *) 0},/p'\'' -e '\''s/^[BCDEGRST]* \([^ ]*\) \(lib[^ ]*\)$/  {"\2", (void *) \&\2},/p'\'' -e '\''s/^[BCDEGRST]* \([^ ]*\) \([^ ]*\)$/  {"lib\2", (void *) \&\2},/p'\'''
lt_cv_sys_global_symbol_to_cdecl='sed -n -e '\''s/^T .* \(.*\)$/extern int \1();/p'\'' -e '\''s/^[BCDEGRST]* .* \(.*\)$/extern char \1;/p'\'''
lt_cv_sys_max_cmd_len=196608
lt_cv_to_host_file_cmd=func_convert_file_noop
lt_cv_to_tool_file_cmd=func_convert_file_noop

## ----------------- ##
## Output variables. ##
## ----------------- ##

ACLOCAL=''
AMDEPBACKSLASH='\'
AMDEP_FALSE='#'
AMDEP_TRUE=''
AMTAR=''
AM_BACKSLASH='\'
AM_CPPFLAGS=' -O3 -DNDEBUG'
AM_DEFAULT_V='$(AM_DEFAULT_VERBOSITY)'
AM_DEFAULT_VERBOSITY='1'
AM_LDFLAGS=''
AM_V='$(V)'
AR='ar'
AUTOCONF=''
AUTOHEADER=''
AUTOMAKE=''
AWK='awk'
CC='g++'
CCDEPMODE=''
CFLAGS='-g -O2'
CPP='g++ -E'
CPPFLAGS=' -I/opt/local/include'
CXX='g++'
CXXCPP='g++ -E'
CXXDEPMODE=''
CXXFLAGS='-g -O2'
CYGPATH_W=''
DEFS=''
DEPDIR='.deps'
DLLTOOL='false'
DSYMUTIL='dsymutil'
DUMPBIN=''
ECHO_C='\c'
ECHO_N=''
ECHO_T=''
EGREP='/usr/bin/grep -E'
EMBEDDED_FALSE=''
EMBEDDED_TRUE='#'
EXEEXT=''
FGREP='/usr/bin/grep -F'
GENERIC_API_VERSION='3.2'
GENERIC_LIBRARY_NAME='tesseract'
GENERIC_LIBRARY_VERSION='3:2'
GENERIC_MAJOR_VERSION='3'
GENERIC_RELEASE='3.2'
GENERIC_VERSION='3.2.2'
GRAPHICS_DISABLED_FALSE=''
GRAPHICS_DISABLED_TRUE='#'
GREP='/usr/bin/grep'
INSTALL_DATA='${INSTALL} -m 644'
INSTALL_PROGRAM='${INSTALL}'
INSTALL_SCRIPT='${INSTALL}'
INSTALL_STRIP_PROGRAM='$(install_sh) -c -s'
LD='/Applications/Xcode.app/Contents/Developer/Toolchains/OSX10.8.xctoolchain/usr/bin/ld'
LDFLAGS='-L/Users/dimuthuupeksha/Documents/Academic/Tesseract-API/src/main/resources/mac/libs -L/opt/local/lib'
LIBLEPT_HEADERSDIR=''
LIBOBJS=''
LIBS='-lz -llepta -ljpeg -lpng -ltiff'
LIBTOOL='$(SHELL) $(top_builddir)/libtool'
LIPO='lipo'
LN_S='ln -s'
LTLIBOBJS=''
MAINT=''
MAINTAINER_MODE_FALSE=''
MAINTAINER_MODE_TRUE=''
MAKEINFO=''
MANIFEST_TOOL=':'
MINGW_FALSE=''
MINGW_TRUE='#'
MKDIR_P='./src/config/install-sh -c -d'
NM='/usr/bin/nm'
NMEDIT='nmedit'
NO_TESSDATA_PREFIX_FALSE=''
NO_TESSDATA_PREFIX_TRUE='#'
OBJDUMP='false'
OBJEXT='o'
OTOOL64=':'
OTOOL='otool'
PACKAGE='tesseract'
PACKAGE_BUGREPORT='http://code.google.com/p/tesseract-ocr/issues/list'
PACKAGE_DATE='10/23'
PACKAGE_NAME='tesseract'
PACKAGE_STRING='tesseract 3.02.02'
PACKAGE_TARNAME='tesseract'
PACKAGE_URL=''
PACKAGE_VERSION='3.02.02'
PACKAGE_YEAR='2012'
PATH_SEPARATOR=':'
RANLIB='ranlib'
SED='/usr/bin/sed'
SET_MAKE=''
SHELL='/bin/sh'
STRIP='strip'
USING_CL_FALSE=''
USING_CL_TRUE=''
USING_MULTIPLELIBS_FALSE=''
USING_MULTIPLELIBS_TRUE='#'
VERSION=''
VISIBILITY_FALSE=''
VISIBILITY_TRUE='#'
ac_ct_AR='ar'
ac_ct_CC='g++'
ac_ct_CXX='g++'
ac_ct_DUMPBIN=''
am__EXEEXT_FALSE=''
am__EXEEXT_TRUE=''
am__fastdepCC_FALSE=''
am__fastdepCC_TRUE=''
am__fastdepCXX_FALSE=''
am__fastdepCXX_TRUE=''
am__include='include'
am__isrc=' -I$(srcdir)'
am__leading_dot='.'
am__nodep='_no'
am__quote=''
am__tar=''
am__untar=''
bindir='/Users/dimuthuupeksha/Documents/Academic/Tesseract-API/src/main/native/src/tesseract/bin'
build='x86_64-apple-darwin13.1.0'
build_alias=''
build_cpu='x86_64'
build_os='darwin13.1.0'
build_vendor='apple'
datadir='${datarootdir}'
datarootdir='/Users/dimuthuupeksha/Documents/Academic/Tesseract-API/src/main/native/src/tesseract/share'
docdir='${datarootdir}/doc/${PACKAGE_TARNAME}'
dvidir='${docdir}'
exec_prefix='NONE'
host='x86_64-apple-darwin13.1.0'
host_alias=''
host_cpu='x86_64'
host_os='darwin13.1.0'
host_vendor='apple'
htmldir='${docdir}'
includedir='/Users/dimuthuupeksha/Documents/Academic/Tesseract-API/src/main/native/src/tesseract/include/tesseract'
infodir='${datarootdir}/info'
install_sh='${SHELL} /Users/dimuthuupeksha/Documents/Academic/Tesseract-API/src/main/native/src/tesseract/src/config/install-sh'
libdir='/Users/dimuthuupeksha/Documents/Academic/Tesseract-API/src/main/native/src/tesseract/libs'
libexecdir='${exec_prefix}/libexec'
localedir='${datarootdir}/locale'
localstatedir='${prefix}/var'
mandir='${datarootdir}/man'
mkdir_p=''
oldincludedir='/usr/include'
pdfdir='${docdir}'
prefix='NONE'
program_transform_name='s,x,x,'
psdir='${docdir}'
sbindir='${exec_prefix}/sbin'
sharedstatedir='${prefix}/com'
sysconfdir='${prefix}/etc'
target_alias=''

## ----------- ##
## confdefs.h. ##
## ----------- ##

/* confdefs.h */
#define PACKAGE_NAME "tesseract"
#define PACKAGE_TARNAME "tesseract"
#define PACKAGE_VERSION "3.02.02"
#define PACKAGE_STRING "tesseract 3.02.02"
#define PACKAGE_BUGREPORT "http://code.google.com/p/tesseract-ocr/issues/list"
#define PACKAGE_URL ""
#define PACKAGE_NAME "tesseract"
#define PACKAGE_VERSION "3.02.02"
#define PACKAGE_YEAR "2012"
#define PACKAGE_DATE "10/23"
#define STDC_HEADERS 1
#define HAVE_SYS_TYPES_H 1
#define HAVE_SYS_STAT_H 1
#define HAVE_STDLIB_H 1
#define HAVE_STRING_H 1
#define HAVE_MEMORY_H 1
#define HAVE_STRINGS_H 1
#define HAVE_INTTYPES_H 1
#define HAVE_STDINT_H 1
#define HAVE_UNISTD_H 1
#define HAVE_DLFCN_H 1
#define LT_OBJDIR ".libs/"

configure: exit 1
