This file contains any messages produced by compilers while
running configure, to aid debugging if configure makes a mistake.

It was created by tesseract configure 3.02.02, which was
generated by GNU Autoconf 2.69.  Invocation command line was

  $ ./configure -libdir /Users/dimuthuupeksha/Documents/Academic/Tesseract-API/src/main/native/src/tesseract/lib

## --------- ##
## Platform. ##
## --------- ##

hostname = Dimuthus-MacBook-Pro.local
uname -m = x86_64
uname -r = 13.0.0
uname -s = Darwin
uname -v = Darwin Kernel Version 13.0.0: Thu Sep 19 22:22:27 PDT 2013; root:xnu-2422.1.72~6/RELEASE_X86_64

/usr/bin/uname -p = i386
/bin/uname -X     = unknown

/bin/arch              = unknown
/usr/bin/arch -k       = unknown
/usr/convex/getsysinfo = unknown
/usr/bin/hostinfo      = Mach kernel version:
	 Darwin Kernel Version 13.0.0: Thu Sep 19 22:22:27 PDT 2013; root:xnu-2422.1.72~6/RELEASE_X86_64
Kernel configured for up to 4 processors.
2 processors are physically available.
4 processors are logically available.
Processor type: i486 (Intel 80486)
Processors active: 0 1 2 3
Primary memory available: 4.00 gigabytes
Default processor set: 157 tasks, 749 threads, 4 processors
Load average: 2.69, Mach factor: 1.30
/bin/machine           = unknown
/usr/bin/oslevel       = unknown
/bin/universe          = unknown

PATH: /Users/dimuthuupeksha/Documents/Academic/internship/WSO2/svn/dimuthuu/Axis2/addressing.mar
PATH: /opt/local/bin
PATH: /opt/local/sbin
PATH: /usr/bin
PATH: /bin
PATH: /usr/sbin
PATH: /sbin
PATH: /usr/local/bin
PATH: /Applications/Xcode.app/Contents/Developer/Toolchains/OSX10.8.xctoolchain/usr/bin
PATH: /Applications/Xcode.app/Contents/Developer/usr/bin
PATH: /opt/X11/bin
PATH: /Users/dimuthuupeksha/.rvm/bin
PATH: /usr/local/mysql/bin
PATH: /usr/local/apache-ant/bin
PATH: /usr/local/apache-maven/bin
PATH: /Users/dimuthuupeksha/Documents/Academic/internship/axis2-1.6.2/lib/XmlSchema-1.4.7.jar
PATH: /Users/dimuthuupeksha/Documents/Academic/internship/axis2-1.6.2/lib/activation-1.1.jar
PATH: /Users/dimuthuupeksha/Documents/Academic/internship/axis2-1.6.2/lib/antlr-2.7.7.jar
PATH: /Users/dimuthuupeksha/Documents/Academic/internship/axis2-1.6.2/lib/apache-mime4j-core-0.7.2.jar
PATH: /Users/dimuthuupeksha/Documents/Academic/internship/axis2-1.6.2/lib/axiom-api-1.2.13.jar
PATH: /Users/dimuthuupeksha/Documents/Academic/internship/axis2-1.6.2/lib/axiom-dom-1.2.13.jar
PATH: /Users/dimuthuupeksha/Documents/Academic/internship/axis2-1.6.2/lib/axiom-impl-1.2.13.jar
PATH: /Users/dimuthuupeksha/Documents/Academic/internship/axis2-1.6.2/lib/axis2-adb-1.6.2.jar
PATH: /Users/dimuthuupeksha/Documents/Academic/internship/axis2-1.6.2/lib/axis2-adb-codegen-1.6.2.jar
PATH: /Users/dimuthuupeksha/Documents/Academic/internship/axis2-1.6.2/lib/axis2-ant-plugin-1.6.2.jar
PATH: /Users/dimuthuupeksha/Documents/Academic/internship/axis2-1.6.2/lib/axis2-clustering-1.6.2.jar
PATH: /Users/dimuthuupeksha/Documents/Academic/internship/axis2-1.6.2/lib/axis2-codegen-1.6.2.jar
PATH: /Users/dimuthuupeksha/Documents/Academic/internship/axis2-1.6.2/lib/axis2-corba-1.6.2.jar
PATH: /Users/dimuthuupeksha/Documents/Academic/internship/axis2-1.6.2/lib/axis2-fastinfoset-1.6.2.jar
PATH: /Users/dimuthuupeksha/Documents/Academic/internship/axis2-1.6.2/lib/axis2-java2wsdl-1.6.2.jar
PATH: /Users/dimuthuupeksha/Documents/Academic/internship/axis2-1.6.2/lib/axis2-jaxbri-1.6.2.jar
PATH: /Users/dimuthuupeksha/Documents/Academic/internship/axis2-1.6.2/lib/axis2-jaxws-1.6.2.jar
PATH: /Users/dimuthuupeksha/Documents/Academic/internship/axis2-1.6.2/lib/axis2-jibx-1.6.2.jar
PATH: /Users/dimuthuupeksha/Documents/Academic/internship/axis2-1.6.2/lib/axis2-json-1.6.2.jar
PATH: /Users/dimuthuupeksha/Documents/Academic/internship/axis2-1.6.2/lib/axis2-kernel-1.6.2.jar
PATH: /Users/dimuthuupeksha/Documents/Academic/internship/axis2-1.6.2/lib/axis2-metadata-1.6.2.jar
PATH: /Users/dimuthuupeksha/Documents/Academic/internship/axis2-1.6.2/lib/axis2-mtompolicy-1.6.2.jar
PATH: /Users/dimuthuupeksha/Documents/Academic/internship/axis2-1.6.2/lib/axis2-saaj-1.6.2.jar
PATH: /Users/dimuthuupeksha/Documents/Academic/internship/axis2-1.6.2/lib/axis2-soapmonitor-servlet-1.6.2.jar
PATH: /Users/dimuthuupeksha/Documents/Academic/internship/axis2-1.6.2/lib/axis2-spring-1.6.2.jar
PATH: /Users/dimuthuupeksha/Documents/Academic/internship/axis2-1.6.2/lib/axis2-transport-http-1.6.2.jar
PATH: /Users/dimuthuupeksha/Documents/Academic/internship/axis2-1.6.2/lib/axis2-transport-local-1.6.2.jar
PATH: /Users/dimuthuupeksha/Documents/Academic/internship/axis2-1.6.2/lib/axis2-xmlbeans-1.6.2.jar
PATH: /Users/dimuthuupeksha/Documents/Academic/internship/axis2-1.6.2/lib/bcel-5.1.jar
PATH: /Users/dimuthuupeksha/Documents/Academic/internship/axis2-1.6.2/lib/commons-cli-1.2.jar
PATH: /Users/dimuthuupeksha/Documents/Academic/internship/axis2-1.6.2/lib/commons-codec-1.3.jar
PATH: /Users/dimuthuupeksha/Documents/Academic/internship/axis2-1.6.2/lib/commons-fileupload-1.2.jar
PATH: /Users/dimuthuupeksha/Documents/Academic/internship/axis2-1.6.2/lib/commons-httpclient-3.1.jar
PATH: /Users/dimuthuupeksha/Documents/Academic/internship/axis2-1.6.2/lib/commons-io-1.4.jar
PATH: /Users/dimuthuupeksha/Documents/Academic/internship/axis2-1.6.2/lib/commons-logging-1.1.1.jar
PATH: /Users/dimuthuupeksha/Documents/Academic/internship/axis2-1.6.2/lib/geronimo-annotation_1.0_spec-1.1.jar
PATH: /Users/dimuthuupeksha/Documents/Academic/internship/axis2-1.6.2/lib/geronimo-jaxws_2.2_spec-1.0.jar
PATH: /Users/dimuthuupeksha/Documents/Academic/internship/axis2-1.6.2/lib/geronimo-jta_1.1_spec-1.1.jar
PATH: /Users/dimuthuupeksha/Documents/Academic/internship/axis2-1.6.2/lib/geronimo-saaj_1.3_spec-1.0.1.jar
PATH: /Users/dimuthuupeksha/Documents/Academic/internship/axis2-1.6.2/lib/geronimo-stax-api_1.0_spec-1.0.1.jar
PATH: /Users/dimuthuupeksha/Documents/Academic/internship/axis2-1.6.2/lib/geronimo-ws-metadata_2.0_spec-1.1.2.jar
PATH: /Users/dimuthuupeksha/Documents/Academic/internship/axis2-1.6.2/lib/httpcore-4.0.jar
PATH: /Users/dimuthuupeksha/Documents/Academic/internship/axis2-1.6.2/lib/jalopy-1.5rc3.jar
PATH: /Users/dimuthuupeksha/Documents/Academic/internship/axis2-1.6.2/lib/jaxb-api-2.1.jar
PATH: /Users/dimuthuupeksha/Documents/Academic/internship/axis2-1.6.2/lib/jaxb-impl-2.1.7.jar
PATH: /Users/dimuthuupeksha/Documents/Academic/internship/axis2-1.6.2/lib/jaxb-xjc-2.1.7.jar
PATH: /Users/dimuthuupeksha/Documents/Academic/internship/axis2-1.6.2/lib/jaxen-1.1.1.jar
PATH: /Users/dimuthuupeksha/Documents/Academic/internship/axis2-1.6.2/lib/jaxws-tools-2.1.3.jar
PATH: /Users/dimuthuupeksha/Documents/Academic/internship/axis2-1.6.2/lib/jettison-1.0-RC2.jar
PATH: /Users/dimuthuupeksha/Documents/Academic/internship/axis2-1.6.2/lib/jibx-bind-1.2.jar
PATH: /Users/dimuthuupeksha/Documents/Academic/internship/axis2-1.6.2/lib/jibx-run-1.2.jar
PATH: /Users/dimuthuupeksha/Documents/Academic/internship/axis2-1.6.2/lib/jsr311-api-1.0.jar
PATH: /Users/dimuthuupeksha/Documents/Academic/internship/axis2-1.6.2/lib/juli-6.0.16.jar
PATH: /Users/dimuthuupeksha/Documents/Academic/internship/axis2-1.6.2/lib/log4j-1.2.15.jar
PATH: /Users/dimuthuupeksha/Documents/Academic/internship/axis2-1.6.2/lib/mail-1.4.jar
PATH: /Users/dimuthuupeksha/Documents/Academic/internship/axis2-1.6.2/lib/mex-1.6.2-impl.jar
PATH: /Users/dimuthuupeksha/Documents/Academic/internship/axis2-1.6.2/lib/neethi-3.0.2.jar
PATH: /Users/dimuthuupeksha/Documents/Academic/internship/axis2-1.6.2/lib/regexp-1.2.jar
PATH: /Users/dimuthuupeksha/Documents/Academic/internship/axis2-1.6.2/lib/tribes-6.0.16.jar
PATH: /Users/dimuthuupeksha/Documents/Academic/internship/axis2-1.6.2/lib/woden-api-1.0M9.jar
PATH: /Users/dimuthuupeksha/Documents/Academic/internship/axis2-1.6.2/lib/woden-impl-commons-1.0M9.jar
PATH: /Users/dimuthuupeksha/Documents/Academic/internship/axis2-1.6.2/lib/woden-impl-dom-1.0M9.jar
PATH: /Users/dimuthuupeksha/Documents/Academic/internship/axis2-1.6.2/lib/wsdl4j-1.6.2.jar
PATH: /Users/dimuthuupeksha/Documents/Academic/internship/axis2-1.6.2/lib/wstx-asl-3.2.9.jar
PATH: /Users/dimuthuupeksha/Documents/Academic/internship/axis2-1.6.2/lib/xalan-2.7.0.jar
PATH: /Users/dimuthuupeksha/Documents/Academic/internship/axis2-1.6.2/lib/xml-resolver-1.2.jar
PATH: /Users/dimuthuupeksha/Documents/Academic/internship/axis2-1.6.2/lib/xmlbeans-2.3.0.jar


## ----------- ##
## Core tests. ##
## ----------- ##

configure:2708: checking build system type
configure:2723: result: x86_64-apple-darwin13.0.0
configure:2743: checking host system type
configure:2756: result: x86_64-apple-darwin13.0.0
configure:2825: checking --enable-graphics argument
configure:2834: result: yes
configure:2851: checking --enable-embedded argument
configure:2860: result: no
configure:2878: checking --enable-visibility argument
configure:2887: result: no
configure:2899: checking --enable-multiple-libraries argument
configure:2908: result: no
configure:2920: checking whether to use tessdata-prefix
configure:2929: result: yes
configure:2941: checking whether to enable debugging
configure:2950: result: no
configure:3064: checking for cl.exe
configure:3094: result: no
configure:3064: checking for g++
configure:3080: found /usr/bin/g++
configure:3091: result: g++
configure:3118: checking for C++ compiler version
configure:3127: g++ --version >&5
Apple LLVM version 5.0 (clang-500.2.79) (based on LLVM 3.3svn)
Target: x86_64-apple-darwin13.0.0
Thread model: posix
Configured with: --prefix=/Applications/Xcode.app/Contents/Developer/usr --with-gxx-include-dir=/usr/include/c++/4.2.1
configure:3138: $? = 0
configure:3127: g++ -v >&5
Configured with: --prefix=/Applications/Xcode.app/Contents/Developer/usr --with-gxx-include-dir=/usr/include/c++/4.2.1
Apple LLVM version 5.0 (clang-500.2.79) (based on LLVM 3.3svn)
Target: x86_64-apple-darwin13.0.0
Thread model: posix
configure:3138: $? = 0
configure:3127: g++ -V >&5
clang: error: argument to '-V' is missing (expected 1 value)
clang: error: no input files
configure:3138: $? = 1
configure:3127: g++ -qversion >&5
clang: error: no input files
configure:3138: $? = 1
configure:3158: checking whether the C++ compiler works
configure:3180: g++   -I/opt/local/include  -L/opt/local/lib conftest.cpp -L/opt/local/lib -L/Users/dimuthuupeksha/Documents/Academic/Tesseract-API/src/main/native/src/leptonica/lib >&5
configure:3184: $? = 0
configure:3232: result: yes
configure:3235: checking for C++ compiler default output file name
configure:3237: result: a.out
configure:3243: checking for suffix of executables
configure:3250: g++ -o conftest   -I/opt/local/include  -L/opt/local/lib conftest.cpp -L/opt/local/lib -L/Users/dimuthuupeksha/Documents/Academic/Tesseract-API/src/main/native/src/leptonica/lib >&5
configure:3254: $? = 0
configure:3276: result: 
configure:3298: checking whether we are cross compiling
configure:3306: g++ -o conftest   -I/opt/local/include  -L/opt/local/lib conftest.cpp -L/opt/local/lib -L/Users/dimuthuupeksha/Documents/Academic/Tesseract-API/src/main/native/src/leptonica/lib >&5
configure:3310: $? = 0
configure:3317: ./conftest
configure:3321: $? = 0
configure:3336: result: no
configure:3341: checking for suffix of object files
configure:3363: g++ -c   -I/opt/local/include conftest.cpp >&5
configure:3367: $? = 0
configure:3388: result: o
configure:3392: checking whether we are using the GNU C++ compiler
configure:3411: g++ -c   -I/opt/local/include conftest.cpp >&5
configure:3411: $? = 0
configure:3420: result: yes
configure:3429: checking whether g++ accepts -g
configure:3449: g++ -c -g  -I/opt/local/include conftest.cpp >&5
configure:3449: $? = 0
configure:3490: result: yes
configure:3562: checking how to print strings
configure:3589: result: printf
configure:3658: checking for gcc
configure:3674: found /usr/bin/gcc
configure:3685: result: gcc
configure:3914: checking for C compiler version
configure:3923: gcc --version >&5
Apple LLVM version 5.0 (clang-500.2.79) (based on LLVM 3.3svn)
Target: x86_64-apple-darwin13.0.0
Thread model: posix
Configured with: --prefix=/Applications/Xcode.app/Contents/Developer/usr --with-gxx-include-dir=/usr/include/c++/4.2.1
configure:3934: $? = 0
configure:3923: gcc -v >&5
Configured with: --prefix=/Applications/Xcode.app/Contents/Developer/usr --with-gxx-include-dir=/usr/include/c++/4.2.1
Apple LLVM version 5.0 (clang-500.2.79) (based on LLVM 3.3svn)
Target: x86_64-apple-darwin13.0.0
Thread model: posix
configure:3934: $? = 0
configure:3923: gcc -V >&5
clang: error: argument to '-V' is missing (expected 1 value)
clang: error: no input files
configure:3934: $? = 1
configure:3923: gcc -qversion >&5
clang: error: no input files
configure:3934: $? = 1
configure:3938: checking whether we are using the GNU C compiler
configure:3957: gcc -c   -I/opt/local/include conftest.c >&5
configure:3957: $? = 0
configure:3966: result: yes
configure:3975: checking whether gcc accepts -g
configure:3995: gcc -c -g  -I/opt/local/include conftest.c >&5
configure:3995: $? = 0
configure:4036: result: yes
configure:4053: checking for gcc option to accept ISO C89
configure:4116: gcc  -c -g -O2  -I/opt/local/include conftest.c >&5
configure:4116: $? = 0
configure:4129: result: none needed
configure:4149: checking for a sed that does not truncate output
configure:4213: result: /usr/bin/sed
configure:4231: checking for grep that handles long lines and -e
configure:4289: result: /usr/bin/grep
configure:4294: checking for egrep
configure:4356: result: /usr/bin/grep -E
configure:4361: checking for fgrep
configure:4423: result: /usr/bin/grep -F
configure:4458: checking for ld used by gcc
configure:4525: result: /Applications/Xcode.app/Contents/Developer/Toolchains/OSX10.8.xctoolchain/usr/bin/ld
configure:4532: checking if the linker (/Applications/Xcode.app/Contents/Developer/Toolchains/OSX10.8.xctoolchain/usr/bin/ld) is GNU ld
configure:4547: result: no
configure:4559: checking for BSD- or MS-compatible name lister (nm)
configure:4608: result: /usr/bin/nm
configure:4738: checking the name lister (/usr/bin/nm) interface
configure:4745: gcc -c -g -O2  -I/opt/local/include conftest.c >&5
configure:4748: /usr/bin/nm "conftest.o"
configure:4751: output
0000000000000240 S _some_variable
configure:4758: result: BSD nm
configure:4761: checking whether ln -s works
configure:4765: result: yes
configure:4773: checking the maximum length of command line arguments
configure:4903: result: 196608
configure:4920: checking whether the shell understands some XSI constructs
configure:4930: result: yes
configure:4934: checking whether the shell understands "+="
configure:4940: result: yes
configure:4975: checking how to convert x86_64-apple-darwin13.0.0 file names to x86_64-apple-darwin13.0.0 format
configure:5015: result: func_convert_file_noop
configure:5022: checking how to convert x86_64-apple-darwin13.0.0 file names to toolchain format
configure:5042: result: func_convert_file_noop
configure:5049: checking for /Applications/Xcode.app/Contents/Developer/Toolchains/OSX10.8.xctoolchain/usr/bin/ld option to reload object files
configure:5056: result: -r
configure:5130: checking for objdump
configure:5160: result: no
configure:5189: checking how to recognize dependent libraries
configure:5391: result: pass_all
configure:5476: checking for dlltool
configure:5506: result: no
configure:5536: checking how to associate runtime and link libraries
configure:5563: result: printf %s\n
configure:5624: checking for ar
configure:5640: found /usr/bin/ar
configure:5651: result: ar
configure:5688: checking for archiver @FILE support
configure:5705: gcc -c -g -O2  -I/opt/local/include conftest.c >&5
configure:5705: $? = 0
configure:5708: ar cru libconftest.a @conftest.lst >&5
ar: @conftest.lst: No such file or directory
configure:5711: $? = 1
configure:5731: result: no
configure:5789: checking for strip
configure:5805: found /usr/bin/strip
configure:5816: result: strip
configure:5888: checking for ranlib
configure:5904: found /usr/bin/ranlib
configure:5915: result: ranlib
configure:5992: checking for gawk
configure:6022: result: no
configure:5992: checking for mawk
configure:6022: result: no
configure:5992: checking for nawk
configure:6022: result: no
configure:5992: checking for awk
configure:6008: found /usr/bin/awk
configure:6019: result: awk
configure:6059: checking command to parse /usr/bin/nm output from gcc object
configure:6179: gcc -c -g -O2  -I/opt/local/include conftest.c >&5
configure:6182: $? = 0
configure:6186: /usr/bin/nm conftest.o \| sed -n -e 's/^.*[ ]\([BCDEGRST][BCDEGRST]*\)[ ][ ]*\([_A-Za-z][_A-Za-z0-9]*\)$/\1 \2 \2/p' | sed '/ __gnu_lto/d' \> conftest.nm
configure:6189: $? = 0
cannot find nm_test_var in conftest.nm
configure:6179: gcc -c -g -O2  -I/opt/local/include conftest.c >&5
configure:6182: $? = 0
configure:6186: /usr/bin/nm conftest.o \| sed -n -e 's/^.*[ ]\([BCDEGRST][BCDEGRST]*\)[ ][ ]*_\([_A-Za-z][_A-Za-z0-9]*\)$/\1 _\2 \2/p' | sed '/ __gnu_lto/d' \> conftest.nm
configure:6189: $? = 0
configure:6255: gcc -o conftest -g -O2  -I/opt/local/include  -L/opt/local/lib conftest.c conftstm.o >&5
configure:6258: $? = 0
configure:6296: result: ok
configure:6333: checking for sysroot
configure:6363: result: no
configure:6619: checking for mt
configure:6649: result: no
configure:6669: checking if : is a manifest tool
configure:6675: : '-?'
configure:6683: result: no
configure:6739: checking for dsymutil
configure:6755: found /usr/bin/dsymutil
configure:6766: result: dsymutil
configure:6831: checking for nmedit
configure:6847: found /usr/bin/nmedit
configure:6858: result: nmedit
configure:6923: checking for lipo
configure:6939: found /usr/bin/lipo
configure:6950: result: lipo
configure:7015: checking for otool
configure:7031: found /usr/bin/otool
configure:7042: result: otool
configure:7107: checking for otool64
configure:7137: result: no
configure:7182: checking for -single_module linker flag
gcc -g -O2  -L/opt/local/lib -o libconftest.dylib -dynamiclib -Wl,-single_module conftest.c
configure:7215: result: yes
configure:7218: checking for -exported_symbols_list linker flag
configure:7238: gcc -o conftest -g -O2  -I/opt/local/include  -L/opt/local/lib -Wl,-exported_symbols_list,conftest.sym conftest.c -L/opt/local/lib -L/Users/dimuthuupeksha/Documents/Academic/Tesseract-API/src/main/native/src/leptonica/lib >&5
configure:7238: $? = 0
configure:7248: result: yes
configure:7251: checking for -force_load linker flag
gcc -g -O2 -c -o conftest.o conftest.c
ar cru libconftest.a conftest.o
ranlib libconftest.a
gcc -g -O2  -L/opt/local/lib -o conftest conftest.c -Wl,-force_load,./libconftest.a
configure:7283: result: yes
configure:7325: checking how to run the C preprocessor
configure:7356: gcc -E  -I/opt/local/include conftest.c
configure:7356: $? = 0
configure:7370: gcc -E  -I/opt/local/include conftest.c
conftest.c:13:10: fatal error: 'ac_nonexistent.h' file not found
#include <ac_nonexistent.h>
         ^
1 error generated.
configure:7370: $? = 1
configure: failed program was:
| /* confdefs.h */
| #define PACKAGE_NAME "tesseract"
| #define PACKAGE_TARNAME "tesseract"
| #define PACKAGE_VERSION "3.02.02"
| #define PACKAGE_STRING "tesseract 3.02.02"
| #define PACKAGE_BUGREPORT "http://code.google.com/p/tesseract-ocr/issues/list"
| #define PACKAGE_URL ""
| #define PACKAGE_NAME "tesseract"
| #define PACKAGE_VERSION "3.02.02"
| #define PACKAGE_YEAR "2012"
| #define PACKAGE_DATE "10/23"
| /* end confdefs.h.  */
| #include <ac_nonexistent.h>
configure:7395: result: gcc -E
configure:7415: gcc -E  -I/opt/local/include conftest.c
configure:7415: $? = 0
configure:7429: gcc -E  -I/opt/local/include conftest.c
conftest.c:13:10: fatal error: 'ac_nonexistent.h' file not found
#include <ac_nonexistent.h>
         ^
1 error generated.
configure:7429: $? = 1
configure: failed program was:
| /* confdefs.h */
| #define PACKAGE_NAME "tesseract"
| #define PACKAGE_TARNAME "tesseract"
| #define PACKAGE_VERSION "3.02.02"
| #define PACKAGE_STRING "tesseract 3.02.02"
| #define PACKAGE_BUGREPORT "http://code.google.com/p/tesseract-ocr/issues/list"
| #define PACKAGE_URL ""
| #define PACKAGE_NAME "tesseract"
| #define PACKAGE_VERSION "3.02.02"
| #define PACKAGE_YEAR "2012"
| #define PACKAGE_DATE "10/23"
| /* end confdefs.h.  */
| #include <ac_nonexistent.h>
configure:7458: checking for ANSI C header files
configure:7478: gcc -c -g -O2  -I/opt/local/include conftest.c >&5
configure:7478: $? = 0
configure:7551: gcc -o conftest -g -O2  -I/opt/local/include  -L/opt/local/lib conftest.c -L/opt/local/lib -L/Users/dimuthuupeksha/Documents/Academic/Tesseract-API/src/main/native/src/leptonica/lib >&5
configure:7551: $? = 0
configure:7551: ./conftest
configure:7551: $? = 0
configure:7562: result: yes
configure:7575: checking for sys/types.h
configure:7575: gcc -c -g -O2  -I/opt/local/include conftest.c >&5
configure:7575: $? = 0
configure:7575: result: yes
configure:7575: checking for sys/stat.h
configure:7575: gcc -c -g -O2  -I/opt/local/include conftest.c >&5
configure:7575: $? = 0
configure:7575: result: yes
configure:7575: checking for stdlib.h
configure:7575: gcc -c -g -O2  -I/opt/local/include conftest.c >&5
configure:7575: $? = 0
configure:7575: result: yes
configure:7575: checking for string.h
configure:7575: gcc -c -g -O2  -I/opt/local/include conftest.c >&5
configure:7575: $? = 0
configure:7575: result: yes
configure:7575: checking for memory.h
configure:7575: gcc -c -g -O2  -I/opt/local/include conftest.c >&5
configure:7575: $? = 0
configure:7575: result: yes
configure:7575: checking for strings.h
configure:7575: gcc -c -g -O2  -I/opt/local/include conftest.c >&5
configure:7575: $? = 0
configure:7575: result: yes
configure:7575: checking for inttypes.h
configure:7575: gcc -c -g -O2  -I/opt/local/include conftest.c >&5
configure:7575: $? = 0
configure:7575: result: yes
configure:7575: checking for stdint.h
configure:7575: gcc -c -g -O2  -I/opt/local/include conftest.c >&5
configure:7575: $? = 0
configure:7575: result: yes
configure:7575: checking for unistd.h
configure:7575: gcc -c -g -O2  -I/opt/local/include conftest.c >&5
configure:7575: $? = 0
configure:7575: result: yes
configure:7589: checking for dlfcn.h
configure:7589: gcc -c -g -O2  -I/opt/local/include conftest.c >&5
configure:7589: $? = 0
configure:7589: result: yes
configure:7806: checking for objdir
configure:7821: result: .libs
configure:8088: checking if gcc supports -fno-rtti -fno-exceptions
configure:8106: gcc -c -g -O2  -I/opt/local/include -fno-rtti -fno-exceptions conftest.c >&5
configure:8110: $? = 0
configure:8123: result: yes
configure:8450: checking for gcc option to produce PIC
configure:8457: result: -fno-common -DPIC
configure:8465: checking if gcc PIC flag -fno-common -DPIC works
configure:8483: gcc -c -g -O2  -I/opt/local/include -fno-common -DPIC -DPIC conftest.c >&5
configure:8487: $? = 0
configure:8500: result: yes
configure:8529: checking if gcc static flag -static works
configure:8557: result: no
configure:8572: checking if gcc supports -c -o file.o
configure:8593: gcc -c -g -O2  -I/opt/local/include -o out/conftest2.o conftest.c >&5
configure:8597: $? = 0
configure:8619: result: yes
configure:8627: checking if gcc supports -c -o file.o
configure:8674: result: yes
configure:8707: checking whether the gcc linker (/Applications/Xcode.app/Contents/Developer/Toolchains/OSX10.8.xctoolchain/usr/bin/ld) supports shared libraries
configure:9860: result: yes
configure:10100: checking dynamic linker characteristics
configure:10833: result: darwin13.0.0 dyld
configure:10940: checking how to hardcode library paths into programs
configure:10965: result: immediate
configure:11505: checking whether stripping libraries is possible
configure:11519: result: yes
configure:11545: checking if libtool supports shared libraries
configure:11547: result: yes
configure:11550: checking whether to build shared libraries
configure:11571: result: yes
configure:11574: checking whether to build static libraries
configure:11578: result: yes
configure:11601: checking how to run the C++ preprocessor
configure:11628: g++ -E  -I/opt/local/include conftest.cpp
configure:11628: $? = 0
configure:11642: g++ -E  -I/opt/local/include conftest.cpp
conftest.cpp:25:10: fatal error: 'ac_nonexistent.h' file not found
#include <ac_nonexistent.h>
         ^
1 error generated.
configure:11642: $? = 1
configure: failed program was:
| /* confdefs.h */
| #define PACKAGE_NAME "tesseract"
| #define PACKAGE_TARNAME "tesseract"
| #define PACKAGE_VERSION "3.02.02"
| #define PACKAGE_STRING "tesseract 3.02.02"
| #define PACKAGE_BUGREPORT "http://code.google.com/p/tesseract-ocr/issues/list"
| #define PACKAGE_URL ""
| #define PACKAGE_NAME "tesseract"
| #define PACKAGE_VERSION "3.02.02"
| #define PACKAGE_YEAR "2012"
| #define PACKAGE_DATE "10/23"
| #define STDC_HEADERS 1
| #define HAVE_SYS_TYPES_H 1
| #define HAVE_SYS_STAT_H 1
| #define HAVE_STDLIB_H 1
| #define HAVE_STRING_H 1
| #define HAVE_MEMORY_H 1
| #define HAVE_STRINGS_H 1
| #define HAVE_INTTYPES_H 1
| #define HAVE_STDINT_H 1
| #define HAVE_UNISTD_H 1
| #define HAVE_DLFCN_H 1
| #define LT_OBJDIR ".libs/"
| /* end confdefs.h.  */
| #include <ac_nonexistent.h>
configure:11667: result: g++ -E
configure:11687: g++ -E  -I/opt/local/include conftest.cpp
configure:11687: $? = 0
configure:11701: g++ -E  -I/opt/local/include conftest.cpp
conftest.cpp:25:10: fatal error: 'ac_nonexistent.h' file not found
#include <ac_nonexistent.h>
         ^
1 error generated.
configure:11701: $? = 1
configure: failed program was:
| /* confdefs.h */
| #define PACKAGE_NAME "tesseract"
| #define PACKAGE_TARNAME "tesseract"
| #define PACKAGE_VERSION "3.02.02"
| #define PACKAGE_STRING "tesseract 3.02.02"
| #define PACKAGE_BUGREPORT "http://code.google.com/p/tesseract-ocr/issues/list"
| #define PACKAGE_URL ""
| #define PACKAGE_NAME "tesseract"
| #define PACKAGE_VERSION "3.02.02"
| #define PACKAGE_YEAR "2012"
| #define PACKAGE_DATE "10/23"
| #define STDC_HEADERS 1
| #define HAVE_SYS_TYPES_H 1
| #define HAVE_SYS_STAT_H 1
| #define HAVE_STDLIB_H 1
| #define HAVE_STRING_H 1
| #define HAVE_MEMORY_H 1
| #define HAVE_STRINGS_H 1
| #define HAVE_INTTYPES_H 1
| #define HAVE_STDINT_H 1
| #define HAVE_UNISTD_H 1
| #define HAVE_DLFCN_H 1
| #define LT_OBJDIR ".libs/"
| /* end confdefs.h.  */
| #include <ac_nonexistent.h>
configure:11870: checking for ld used by g++
configure:11937: result: /Applications/Xcode.app/Contents/Developer/Toolchains/OSX10.8.xctoolchain/usr/bin/ld
configure:11944: checking if the linker (/Applications/Xcode.app/Contents/Developer/Toolchains/OSX10.8.xctoolchain/usr/bin/ld) is GNU ld
configure:11959: result: no
configure:12014: checking whether the g++ linker (/Applications/Xcode.app/Contents/Developer/Toolchains/OSX10.8.xctoolchain/usr/bin/ld) supports shared libraries
configure:13019: result: yes
configure:13055: g++ -c -g -O2  -I/opt/local/include conftest.cpp >&5
configure:13058: $? = 0
configure:13578: checking for g++ option to produce PIC
configure:13585: result: -fno-common -DPIC
configure:13593: checking if g++ PIC flag -fno-common -DPIC works
configure:13611: g++ -c -g -O2  -I/opt/local/include -fno-common -DPIC -DPIC conftest.cpp >&5
configure:13615: $? = 0
configure:13628: result: yes
configure:13651: checking if g++ static flag -static works
configure:13679: result: no
configure:13691: checking if g++ supports -c -o file.o
configure:13712: g++ -c -g -O2  -I/opt/local/include -o out/conftest2.o conftest.cpp >&5
configure:13716: $? = 0
configure:13738: result: yes
configure:13743: checking if g++ supports -c -o file.o
configure:13790: result: yes
configure:13820: checking whether the g++ linker (/Applications/Xcode.app/Contents/Developer/Toolchains/OSX10.8.xctoolchain/usr/bin/ld) supports shared libraries
configure:13856: result: yes
configure:13997: checking dynamic linker characteristics
configure:14664: result: darwin13.0.0 dyld
configure:14717: checking how to hardcode library paths into programs
configure:14742: result: immediate
configure:14828: checking for a BSD-compatible install
configure:14896: result: /usr/bin/install -c
configure:14907: checking whether build environment is sane
configure:14962: result: yes
configure:15113: checking for a thread-safe mkdir -p
configure:15152: result: config/install-sh -c -d
configure:15155: checking whether make sets $(MAKE)
configure:15177: result: yes
configure:15207: checking for style of include used by make
configure:15235: result: GNU
configure:15322: checking dependency style of gcc
configure:15433: result: gcc3
configure:15450: checking dependency style of g++
configure:15561: result: gcc3
configure:15581: checking whether to enable maintainer-specific portions of Makefiles
configure:15590: result: no
configure:15619: checking whether byte ordering is bigendian
configure:15634: gcc -c -g -O2  -I/opt/local/include conftest.c >&5
configure:15634: $? = 0
configure:15679: gcc -c -g -O2  -I/opt/local/include conftest.c >&5
configure:15679: $? = 0
configure:15697: gcc -c -g -O2  -I/opt/local/include conftest.c >&5
conftest.c:34:4: error: use of undeclared identifier 'not'
                 not big endian
                 ^
1 error generated.
configure:15697: $? = 1
configure: failed program was:
| /* confdefs.h */
| #define PACKAGE_NAME "tesseract"
| #define PACKAGE_TARNAME "tesseract"
| #define PACKAGE_VERSION "3.02.02"
| #define PACKAGE_STRING "tesseract 3.02.02"
| #define PACKAGE_BUGREPORT "http://code.google.com/p/tesseract-ocr/issues/list"
| #define PACKAGE_URL ""
| #define PACKAGE_NAME "tesseract"
| #define PACKAGE_VERSION "3.02.02"
| #define PACKAGE_YEAR "2012"
| #define PACKAGE_DATE "10/23"
| #define STDC_HEADERS 1
| #define HAVE_SYS_TYPES_H 1
| #define HAVE_SYS_STAT_H 1
| #define HAVE_STDLIB_H 1
| #define HAVE_STRING_H 1
| #define HAVE_MEMORY_H 1
| #define HAVE_STRINGS_H 1
| #define HAVE_INTTYPES_H 1
| #define HAVE_STDINT_H 1
| #define HAVE_UNISTD_H 1
| #define HAVE_DLFCN_H 1
| #define LT_OBJDIR ".libs/"
| #define PACKAGE "tesseract"
| #define VERSION "3.02.02"
| /* end confdefs.h.  */
| #include <sys/types.h>
| 		#include <sys/param.h>
| 
| int
| main ()
| {
| #if BYTE_ORDER != BIG_ENDIAN
| 		 not big endian
| 		#endif
| 
|   ;
|   return 0;
| }
configure:15825: result: no
configure:15956: checking for library containing sem_init
configure:15987: g++ -o conftest -g -O2  -I/opt/local/include  -L/opt/local/lib conftest.cpp -L/opt/local/lib -L/Users/dimuthuupeksha/Documents/Academic/Tesseract-API/src/main/native/src/leptonica/lib >&5
configure:15987: $? = 0
configure:16004: result: none required
configure:16019: checking for ANSI C header files
configure:16123: result: yes
configure:16131: checking whether time.h and sys/time.h may both be included
configure:16151: g++ -c -g -O2  -I/opt/local/include conftest.cpp >&5
configure:16151: $? = 0
configure:16158: result: yes
configure:16166: checking for sys/wait.h that is POSIX.1 compatible
configure:16192: g++ -c -g -O2  -I/opt/local/include conftest.cpp >&5
configure:16192: $? = 0
configure:16199: result: yes
configure:16210: checking sys/ipc.h usability
configure:16210: g++ -c -g -O2  -I/opt/local/include conftest.cpp >&5
configure:16210: $? = 0
configure:16210: result: yes
configure:16210: checking sys/ipc.h presence
configure:16210: g++ -E  -I/opt/local/include conftest.cpp
configure:16210: $? = 0
configure:16210: result: yes
configure:16210: checking for sys/ipc.h
configure:16210: result: yes
configure:16210: checking sys/shm.h usability
configure:16210: g++ -c -g -O2  -I/opt/local/include conftest.cpp >&5
configure:16210: $? = 0
configure:16210: result: yes
configure:16210: checking sys/shm.h presence
configure:16210: g++ -E  -I/opt/local/include conftest.cpp
configure:16210: $? = 0
configure:16210: result: yes
configure:16210: checking for sys/shm.h
configure:16210: result: yes
configure:16223: checking limits.h usability
configure:16223: g++ -c -g -O2  -I/opt/local/include conftest.cpp >&5
configure:16223: $? = 0
configure:16223: result: yes
configure:16223: checking limits.h presence
configure:16223: g++ -E  -I/opt/local/include conftest.cpp
configure:16223: $? = 0
configure:16223: result: yes
configure:16223: checking for limits.h
configure:16223: result: yes
configure:16223: checking malloc.h usability
configure:16223: g++ -c -g -O2  -I/opt/local/include conftest.cpp >&5
conftest.cpp:66:10: fatal error: 'malloc.h' file not found
#include <malloc.h>
         ^
1 error generated.
configure:16223: $? = 1
configure: failed program was:
| /* confdefs.h */
| #define PACKAGE_NAME "tesseract"
| #define PACKAGE_TARNAME "tesseract"
| #define PACKAGE_VERSION "3.02.02"
| #define PACKAGE_STRING "tesseract 3.02.02"
| #define PACKAGE_BUGREPORT "http://code.google.com/p/tesseract-ocr/issues/list"
| #define PACKAGE_URL ""
| #define PACKAGE_NAME "tesseract"
| #define PACKAGE_VERSION "3.02.02"
| #define PACKAGE_YEAR "2012"
| #define PACKAGE_DATE "10/23"
| #define STDC_HEADERS 1
| #define HAVE_SYS_TYPES_H 1
| #define HAVE_SYS_STAT_H 1
| #define HAVE_STDLIB_H 1
| #define HAVE_STRING_H 1
| #define HAVE_MEMORY_H 1
| #define HAVE_STRINGS_H 1
| #define HAVE_INTTYPES_H 1
| #define HAVE_STDINT_H 1
| #define HAVE_UNISTD_H 1
| #define HAVE_DLFCN_H 1
| #define LT_OBJDIR ".libs/"
| #define PACKAGE "tesseract"
| #define VERSION "3.02.02"
| #define STDC_HEADERS 1
| #define TIME_WITH_SYS_TIME 1
| #define HAVE_SYS_WAIT_H 1
| #define HAVE_SYS_IPC_H 1
| #define HAVE_SYS_SHM_H 1
| #define HAVE_LIMITS_H 1
| /* end confdefs.h.  */
| #include <stdio.h>
| #ifdef HAVE_SYS_TYPES_H
| # include <sys/types.h>
| #endif
| #ifdef HAVE_SYS_STAT_H
| # include <sys/stat.h>
| #endif
| #ifdef STDC_HEADERS
| # include <stdlib.h>
| # include <stddef.h>
| #else
| # ifdef HAVE_STDLIB_H
| #  include <stdlib.h>
| # endif
| #endif
| #ifdef HAVE_STRING_H
| # if !defined STDC_HEADERS && defined HAVE_MEMORY_H
| #  include <memory.h>
| # endif
| # include <string.h>
| #endif
| #ifdef HAVE_STRINGS_H
| # include <strings.h>
| #endif
| #ifdef HAVE_INTTYPES_H
| # include <inttypes.h>
| #endif
| #ifdef HAVE_STDINT_H
| # include <stdint.h>
| #endif
| #ifdef HAVE_UNISTD_H
| # include <unistd.h>
| #endif
| #include <malloc.h>
configure:16223: result: no
configure:16223: checking malloc.h presence
configure:16223: g++ -E  -I/opt/local/include conftest.cpp
conftest.cpp:33:10: fatal error: 'malloc.h' file not found
#include <malloc.h>
         ^
1 error generated.
configure:16223: $? = 1
configure: failed program was:
| /* confdefs.h */
| #define PACKAGE_NAME "tesseract"
| #define PACKAGE_TARNAME "tesseract"
| #define PACKAGE_VERSION "3.02.02"
| #define PACKAGE_STRING "tesseract 3.02.02"
| #define PACKAGE_BUGREPORT "http://code.google.com/p/tesseract-ocr/issues/list"
| #define PACKAGE_URL ""
| #define PACKAGE_NAME "tesseract"
| #define PACKAGE_VERSION "3.02.02"
| #define PACKAGE_YEAR "2012"
| #define PACKAGE_DATE "10/23"
| #define STDC_HEADERS 1
| #define HAVE_SYS_TYPES_H 1
| #define HAVE_SYS_STAT_H 1
| #define HAVE_STDLIB_H 1
| #define HAVE_STRING_H 1
| #define HAVE_MEMORY_H 1
| #define HAVE_STRINGS_H 1
| #define HAVE_INTTYPES_H 1
| #define HAVE_STDINT_H 1
| #define HAVE_UNISTD_H 1
| #define HAVE_DLFCN_H 1
| #define LT_OBJDIR ".libs/"
| #define PACKAGE "tesseract"
| #define VERSION "3.02.02"
| #define STDC_HEADERS 1
| #define TIME_WITH_SYS_TIME 1
| #define HAVE_SYS_WAIT_H 1
| #define HAVE_SYS_IPC_H 1
| #define HAVE_SYS_SHM_H 1
| #define HAVE_LIMITS_H 1
| /* end confdefs.h.  */
| #include <malloc.h>
configure:16223: result: no
configure:16223: checking for malloc.h
configure:16223: result: no
configure:16235: checking allheaders.h usability
configure:16235: g++ -c -g -O2  -I/opt/local/include conftest.cpp >&5
conftest.cpp:66:10: fatal error: 'allheaders.h' file not found
#include <allheaders.h>
         ^
1 error generated.
configure:16235: $? = 1
configure: failed program was:
| /* confdefs.h */
| #define PACKAGE_NAME "tesseract"
| #define PACKAGE_TARNAME "tesseract"
| #define PACKAGE_VERSION "3.02.02"
| #define PACKAGE_STRING "tesseract 3.02.02"
| #define PACKAGE_BUGREPORT "http://code.google.com/p/tesseract-ocr/issues/list"
| #define PACKAGE_URL ""
| #define PACKAGE_NAME "tesseract"
| #define PACKAGE_VERSION "3.02.02"
| #define PACKAGE_YEAR "2012"
| #define PACKAGE_DATE "10/23"
| #define STDC_HEADERS 1
| #define HAVE_SYS_TYPES_H 1
| #define HAVE_SYS_STAT_H 1
| #define HAVE_STDLIB_H 1
| #define HAVE_STRING_H 1
| #define HAVE_MEMORY_H 1
| #define HAVE_STRINGS_H 1
| #define HAVE_INTTYPES_H 1
| #define HAVE_STDINT_H 1
| #define HAVE_UNISTD_H 1
| #define HAVE_DLFCN_H 1
| #define LT_OBJDIR ".libs/"
| #define PACKAGE "tesseract"
| #define VERSION "3.02.02"
| #define STDC_HEADERS 1
| #define TIME_WITH_SYS_TIME 1
| #define HAVE_SYS_WAIT_H 1
| #define HAVE_SYS_IPC_H 1
| #define HAVE_SYS_SHM_H 1
| #define HAVE_LIMITS_H 1
| /* end confdefs.h.  */
| #include <stdio.h>
| #ifdef HAVE_SYS_TYPES_H
| # include <sys/types.h>
| #endif
| #ifdef HAVE_SYS_STAT_H
| # include <sys/stat.h>
| #endif
| #ifdef STDC_HEADERS
| # include <stdlib.h>
| # include <stddef.h>
| #else
| # ifdef HAVE_STDLIB_H
| #  include <stdlib.h>
| # endif
| #endif
| #ifdef HAVE_STRING_H
| # if !defined STDC_HEADERS && defined HAVE_MEMORY_H
| #  include <memory.h>
| # endif
| # include <string.h>
| #endif
| #ifdef HAVE_STRINGS_H
| # include <strings.h>
| #endif
| #ifdef HAVE_INTTYPES_H
| # include <inttypes.h>
| #endif
| #ifdef HAVE_STDINT_H
| # include <stdint.h>
| #endif
| #ifdef HAVE_UNISTD_H
| # include <unistd.h>
| #endif
| #include <allheaders.h>
configure:16235: result: no
configure:16235: checking allheaders.h presence
configure:16235: g++ -E  -I/opt/local/include conftest.cpp
conftest.cpp:33:10: fatal error: 'allheaders.h' file not found
#include <allheaders.h>
         ^
1 error generated.
configure:16235: $? = 1
configure: failed program was:
| /* confdefs.h */
| #define PACKAGE_NAME "tesseract"
| #define PACKAGE_TARNAME "tesseract"
| #define PACKAGE_VERSION "3.02.02"
| #define PACKAGE_STRING "tesseract 3.02.02"
| #define PACKAGE_BUGREPORT "http://code.google.com/p/tesseract-ocr/issues/list"
| #define PACKAGE_URL ""
| #define PACKAGE_NAME "tesseract"
| #define PACKAGE_VERSION "3.02.02"
| #define PACKAGE_YEAR "2012"
| #define PACKAGE_DATE "10/23"
| #define STDC_HEADERS 1
| #define HAVE_SYS_TYPES_H 1
| #define HAVE_SYS_STAT_H 1
| #define HAVE_STDLIB_H 1
| #define HAVE_STRING_H 1
| #define HAVE_MEMORY_H 1
| #define HAVE_STRINGS_H 1
| #define HAVE_INTTYPES_H 1
| #define HAVE_STDINT_H 1
| #define HAVE_UNISTD_H 1
| #define HAVE_DLFCN_H 1
| #define LT_OBJDIR ".libs/"
| #define PACKAGE "tesseract"
| #define VERSION "3.02.02"
| #define STDC_HEADERS 1
| #define TIME_WITH_SYS_TIME 1
| #define HAVE_SYS_WAIT_H 1
| #define HAVE_SYS_IPC_H 1
| #define HAVE_SYS_SHM_H 1
| #define HAVE_LIMITS_H 1
| /* end confdefs.h.  */
| #include <allheaders.h>
configure:16235: result: no
configure:16235: checking for allheaders.h
configure:16235: result: no
configure:16246: checking for stdbool.h that conforms to C99
configure:16313: g++ -c -g -O2  -I/opt/local/include conftest.cpp >&5
configure:16313: $? = 0
configure:16320: result: yes
configure:16322: checking for _Bool
configure:16322: g++ -c -g -O2  -I/opt/local/include conftest.cpp >&5
conftest.cpp:69:13: error: use of undeclared identifier '_Bool'
if (sizeof (_Bool))
            ^
1 error generated.
configure:16322: $? = 1
configure: failed program was:
| /* confdefs.h */
| #define PACKAGE_NAME "tesseract"
| #define PACKAGE_TARNAME "tesseract"
| #define PACKAGE_VERSION "3.02.02"
| #define PACKAGE_STRING "tesseract 3.02.02"
| #define PACKAGE_BUGREPORT "http://code.google.com/p/tesseract-ocr/issues/list"
| #define PACKAGE_URL ""
| #define PACKAGE_NAME "tesseract"
| #define PACKAGE_VERSION "3.02.02"
| #define PACKAGE_YEAR "2012"
| #define PACKAGE_DATE "10/23"
| #define STDC_HEADERS 1
| #define HAVE_SYS_TYPES_H 1
| #define HAVE_SYS_STAT_H 1
| #define HAVE_STDLIB_H 1
| #define HAVE_STRING_H 1
| #define HAVE_MEMORY_H 1
| #define HAVE_STRINGS_H 1
| #define HAVE_INTTYPES_H 1
| #define HAVE_STDINT_H 1
| #define HAVE_UNISTD_H 1
| #define HAVE_DLFCN_H 1
| #define LT_OBJDIR ".libs/"
| #define PACKAGE "tesseract"
| #define VERSION "3.02.02"
| #define STDC_HEADERS 1
| #define TIME_WITH_SYS_TIME 1
| #define HAVE_SYS_WAIT_H 1
| #define HAVE_SYS_IPC_H 1
| #define HAVE_SYS_SHM_H 1
| #define HAVE_LIMITS_H 1
| /* end confdefs.h.  */
| #include <stdio.h>
| #ifdef HAVE_SYS_TYPES_H
| # include <sys/types.h>
| #endif
| #ifdef HAVE_SYS_STAT_H
| # include <sys/stat.h>
| #endif
| #ifdef STDC_HEADERS
| # include <stdlib.h>
| # include <stddef.h>
| #else
| # ifdef HAVE_STDLIB_H
| #  include <stdlib.h>
| # endif
| #endif
| #ifdef HAVE_STRING_H
| # if !defined STDC_HEADERS && defined HAVE_MEMORY_H
| #  include <memory.h>
| # endif
| # include <string.h>
| #endif
| #ifdef HAVE_STRINGS_H
| # include <strings.h>
| #endif
| #ifdef HAVE_INTTYPES_H
| # include <inttypes.h>
| #endif
| #ifdef HAVE_STDINT_H
| # include <stdint.h>
| #endif
| #ifdef HAVE_UNISTD_H
| # include <unistd.h>
| #endif
| int
| main ()
| {
| if (sizeof (_Bool))
| 	 return 0;
|   ;
|   return 0;
| }
configure:16322: result: no
configure:16341: checking whether #! works in shell scripts
configure:16358: result: yes
configure:16369: checking for special C compiler options needed for large files
configure:16414: result: no
configure:16420: checking for _FILE_OFFSET_BITS value needed for large files
configure:16445: g++ -c -g -O2  -I/opt/local/include conftest.cpp >&5
configure:16445: $? = 0
configure:16477: result: no
configure:16568: checking for wchar_t
configure:16568: g++ -c -g -O2  -I/opt/local/include conftest.cpp >&5
configure:16568: $? = 0
configure:16568: g++ -c -g -O2  -I/opt/local/include conftest.cpp >&5
conftest.cpp:70:22: error: expected expression
if (sizeof ((wchar_t)))
                     ^
1 error generated.
configure:16568: $? = 1
configure: failed program was:
| /* confdefs.h */
| #define PACKAGE_NAME "tesseract"
| #define PACKAGE_TARNAME "tesseract"
| #define PACKAGE_VERSION "3.02.02"
| #define PACKAGE_STRING "tesseract 3.02.02"
| #define PACKAGE_BUGREPORT "http://code.google.com/p/tesseract-ocr/issues/list"
| #define PACKAGE_URL ""
| #define PACKAGE_NAME "tesseract"
| #define PACKAGE_VERSION "3.02.02"
| #define PACKAGE_YEAR "2012"
| #define PACKAGE_DATE "10/23"
| #define STDC_HEADERS 1
| #define HAVE_SYS_TYPES_H 1
| #define HAVE_SYS_STAT_H 1
| #define HAVE_STDLIB_H 1
| #define HAVE_STRING_H 1
| #define HAVE_MEMORY_H 1
| #define HAVE_STRINGS_H 1
| #define HAVE_INTTYPES_H 1
| #define HAVE_STDINT_H 1
| #define HAVE_UNISTD_H 1
| #define HAVE_DLFCN_H 1
| #define LT_OBJDIR ".libs/"
| #define PACKAGE "tesseract"
| #define VERSION "3.02.02"
| #define STDC_HEADERS 1
| #define TIME_WITH_SYS_TIME 1
| #define HAVE_SYS_WAIT_H 1
| #define HAVE_SYS_IPC_H 1
| #define HAVE_SYS_SHM_H 1
| #define HAVE_LIMITS_H 1
| #define HAVE_STDBOOL_H 1
| /* end confdefs.h.  */
| #include <stdio.h>
| #ifdef HAVE_SYS_TYPES_H
| # include <sys/types.h>
| #endif
| #ifdef HAVE_SYS_STAT_H
| # include <sys/stat.h>
| #endif
| #ifdef STDC_HEADERS
| # include <stdlib.h>
| # include <stddef.h>
| #else
| # ifdef HAVE_STDLIB_H
| #  include <stdlib.h>
| # endif
| #endif
| #ifdef HAVE_STRING_H
| # if !defined STDC_HEADERS && defined HAVE_MEMORY_H
| #  include <memory.h>
| # endif
| # include <string.h>
| #endif
| #ifdef HAVE_STRINGS_H
| # include <strings.h>
| #endif
| #ifdef HAVE_INTTYPES_H
| # include <inttypes.h>
| #endif
| #ifdef HAVE_STDINT_H
| # include <stdint.h>
| #endif
| #ifdef HAVE_UNISTD_H
| # include <unistd.h>
| #endif
| int
| main ()
| {
| if (sizeof ((wchar_t)))
| 	    return 0;
|   ;
|   return 0;
| }
configure:16568: result: yes
configure:16578: checking for long long int
configure:16578: g++ -c -g -O2  -I/opt/local/include conftest.cpp >&5
configure:16578: $? = 0
configure:16578: g++ -c -g -O2  -I/opt/local/include conftest.cpp >&5
conftest.cpp:71:28: error: expected expression
if (sizeof ((long long int)))
                           ^
1 error generated.
configure:16578: $? = 1
configure: failed program was:
| /* confdefs.h */
| #define PACKAGE_NAME "tesseract"
| #define PACKAGE_TARNAME "tesseract"
| #define PACKAGE_VERSION "3.02.02"
| #define PACKAGE_STRING "tesseract 3.02.02"
| #define PACKAGE_BUGREPORT "http://code.google.com/p/tesseract-ocr/issues/list"
| #define PACKAGE_URL ""
| #define PACKAGE_NAME "tesseract"
| #define PACKAGE_VERSION "3.02.02"
| #define PACKAGE_YEAR "2012"
| #define PACKAGE_DATE "10/23"
| #define STDC_HEADERS 1
| #define HAVE_SYS_TYPES_H 1
| #define HAVE_SYS_STAT_H 1
| #define HAVE_STDLIB_H 1
| #define HAVE_STRING_H 1
| #define HAVE_MEMORY_H 1
| #define HAVE_STRINGS_H 1
| #define HAVE_INTTYPES_H 1
| #define HAVE_STDINT_H 1
| #define HAVE_UNISTD_H 1
| #define HAVE_DLFCN_H 1
| #define LT_OBJDIR ".libs/"
| #define PACKAGE "tesseract"
| #define VERSION "3.02.02"
| #define STDC_HEADERS 1
| #define TIME_WITH_SYS_TIME 1
| #define HAVE_SYS_WAIT_H 1
| #define HAVE_SYS_IPC_H 1
| #define HAVE_SYS_SHM_H 1
| #define HAVE_LIMITS_H 1
| #define HAVE_STDBOOL_H 1
| #define HAVE_WCHAR_T 1
| /* end confdefs.h.  */
| #include <stdio.h>
| #ifdef HAVE_SYS_TYPES_H
| # include <sys/types.h>
| #endif
| #ifdef HAVE_SYS_STAT_H
| # include <sys/stat.h>
| #endif
| #ifdef STDC_HEADERS
| # include <stdlib.h>
| # include <stddef.h>
| #else
| # ifdef HAVE_STDLIB_H
| #  include <stdlib.h>
| # endif
| #endif
| #ifdef HAVE_STRING_H
| # if !defined STDC_HEADERS && defined HAVE_MEMORY_H
| #  include <memory.h>
| # endif
| # include <string.h>
| #endif
| #ifdef HAVE_STRINGS_H
| # include <strings.h>
| #endif
| #ifdef HAVE_INTTYPES_H
| # include <inttypes.h>
| #endif
| #ifdef HAVE_STDINT_H
| # include <stdint.h>
| #endif
| #ifdef HAVE_UNISTD_H
| # include <unistd.h>
| #endif
| int
| main ()
| {
| if (sizeof ((long long int)))
| 	    return 0;
|   ;
|   return 0;
| }
configure:16578: result: yes
configure:16588: checking for mbstate_t
configure:16588: g++ -c -g -O2  -I/opt/local/include conftest.cpp >&5
configure:16588: $? = 0
configure:16588: g++ -c -g -O2  -I/opt/local/include conftest.cpp >&5
conftest.cpp:41:24: error: expected expression
if (sizeof ((mbstate_t)))
                       ^
1 error generated.
configure:16588: $? = 1
configure: failed program was:
| /* confdefs.h */
| #define PACKAGE_NAME "tesseract"
| #define PACKAGE_TARNAME "tesseract"
| #define PACKAGE_VERSION "3.02.02"
| #define PACKAGE_STRING "tesseract 3.02.02"
| #define PACKAGE_BUGREPORT "http://code.google.com/p/tesseract-ocr/issues/list"
| #define PACKAGE_URL ""
| #define PACKAGE_NAME "tesseract"
| #define PACKAGE_VERSION "3.02.02"
| #define PACKAGE_YEAR "2012"
| #define PACKAGE_DATE "10/23"
| #define STDC_HEADERS 1
| #define HAVE_SYS_TYPES_H 1
| #define HAVE_SYS_STAT_H 1
| #define HAVE_STDLIB_H 1
| #define HAVE_STRING_H 1
| #define HAVE_MEMORY_H 1
| #define HAVE_STRINGS_H 1
| #define HAVE_INTTYPES_H 1
| #define HAVE_STDINT_H 1
| #define HAVE_UNISTD_H 1
| #define HAVE_DLFCN_H 1
| #define LT_OBJDIR ".libs/"
| #define PACKAGE "tesseract"
| #define VERSION "3.02.02"
| #define STDC_HEADERS 1
| #define TIME_WITH_SYS_TIME 1
| #define HAVE_SYS_WAIT_H 1
| #define HAVE_SYS_IPC_H 1
| #define HAVE_SYS_SHM_H 1
| #define HAVE_LIMITS_H 1
| #define HAVE_STDBOOL_H 1
| #define HAVE_WCHAR_T 1
| #define HAVE_LONG_LONG_INT 1
| /* end confdefs.h.  */
| #include "wchar.h"
| 
| int
| main ()
| {
| if (sizeof ((mbstate_t)))
| 	    return 0;
|   ;
|   return 0;
| }
configure:16588: result: yes
configure:16602: checking for size_t
configure:16602: g++ -c -g -O2  -I/opt/local/include conftest.cpp >&5
configure:16602: $? = 0
configure:16602: g++ -c -g -O2  -I/opt/local/include conftest.cpp >&5
conftest.cpp:73:21: error: expected expression
if (sizeof ((size_t)))
                    ^
1 error generated.
configure:16602: $? = 1
configure: failed program was:
| /* confdefs.h */
| #define PACKAGE_NAME "tesseract"
| #define PACKAGE_TARNAME "tesseract"
| #define PACKAGE_VERSION "3.02.02"
| #define PACKAGE_STRING "tesseract 3.02.02"
| #define PACKAGE_BUGREPORT "http://code.google.com/p/tesseract-ocr/issues/list"
| #define PACKAGE_URL ""
| #define PACKAGE_NAME "tesseract"
| #define PACKAGE_VERSION "3.02.02"
| #define PACKAGE_YEAR "2012"
| #define PACKAGE_DATE "10/23"
| #define STDC_HEADERS 1
| #define HAVE_SYS_TYPES_H 1
| #define HAVE_SYS_STAT_H 1
| #define HAVE_STDLIB_H 1
| #define HAVE_STRING_H 1
| #define HAVE_MEMORY_H 1
| #define HAVE_STRINGS_H 1
| #define HAVE_INTTYPES_H 1
| #define HAVE_STDINT_H 1
| #define HAVE_UNISTD_H 1
| #define HAVE_DLFCN_H 1
| #define LT_OBJDIR ".libs/"
| #define PACKAGE "tesseract"
| #define VERSION "3.02.02"
| #define STDC_HEADERS 1
| #define TIME_WITH_SYS_TIME 1
| #define HAVE_SYS_WAIT_H 1
| #define HAVE_SYS_IPC_H 1
| #define HAVE_SYS_SHM_H 1
| #define HAVE_LIMITS_H 1
| #define HAVE_STDBOOL_H 1
| #define HAVE_WCHAR_T 1
| #define HAVE_LONG_LONG_INT 1
| #define HAVE_MBSTATE_T 1
| /* end confdefs.h.  */
| #include <stdio.h>
| #ifdef HAVE_SYS_TYPES_H
| # include <sys/types.h>
| #endif
| #ifdef HAVE_SYS_STAT_H
| # include <sys/stat.h>
| #endif
| #ifdef STDC_HEADERS
| # include <stdlib.h>
| # include <stddef.h>
| #else
| # ifdef HAVE_STDLIB_H
| #  include <stdlib.h>
| # endif
| #endif
| #ifdef HAVE_STRING_H
| # if !defined STDC_HEADERS && defined HAVE_MEMORY_H
| #  include <memory.h>
| # endif
| # include <string.h>
| #endif
| #ifdef HAVE_STRINGS_H
| # include <strings.h>
| #endif
| #ifdef HAVE_INTTYPES_H
| # include <inttypes.h>
| #endif
| #ifdef HAVE_STDINT_H
| # include <stdint.h>
| #endif
| #ifdef HAVE_UNISTD_H
| # include <unistd.h>
| #endif
| int
| main ()
| {
| if (sizeof ((size_t)))
| 	    return 0;
|   ;
|   return 0;
| }
configure:16602: result: yes
configure:16626: checking for stdlib.h
configure:16626: result: yes
configure:16626: checking for unistd.h
configure:16626: result: yes
configure:16626: checking for sys/param.h
configure:16626: g++ -c -g -O2  -I/opt/local/include conftest.cpp >&5
configure:16626: $? = 0
configure:16626: result: yes
configure:16646: checking for getpagesize
configure:16646: g++ -o conftest -g -O2  -I/opt/local/include  -L/opt/local/lib conftest.cpp -L/opt/local/lib -L/Users/dimuthuupeksha/Documents/Academic/Tesseract-API/src/main/native/src/leptonica/lib >&5
configure:16646: $? = 0
configure:16646: result: yes
configure:16655: checking for working mmap
configure:16802: g++ -o conftest -g -O2  -I/opt/local/include  -L/opt/local/lib conftest.cpp -L/opt/local/lib -L/Users/dimuthuupeksha/Documents/Academic/Tesseract-API/src/main/native/src/leptonica/lib >&5
configure:16802: $? = 0
configure:16802: ./conftest
configure:16802: $? = 0
configure:16812: result: yes
configure:16821: checking for pid_t
configure:16821: g++ -c -g -O2  -I/opt/local/include conftest.cpp >&5
configure:16821: $? = 0
configure:16821: g++ -c -g -O2  -I/opt/local/include conftest.cpp >&5
conftest.cpp:78:20: error: expected expression
if (sizeof ((pid_t)))
                   ^
1 error generated.
configure:16821: $? = 1
configure: failed program was:
| /* confdefs.h */
| #define PACKAGE_NAME "tesseract"
| #define PACKAGE_TARNAME "tesseract"
| #define PACKAGE_VERSION "3.02.02"
| #define PACKAGE_STRING "tesseract 3.02.02"
| #define PACKAGE_BUGREPORT "http://code.google.com/p/tesseract-ocr/issues/list"
| #define PACKAGE_URL ""
| #define PACKAGE_NAME "tesseract"
| #define PACKAGE_VERSION "3.02.02"
| #define PACKAGE_YEAR "2012"
| #define PACKAGE_DATE "10/23"
| #define STDC_HEADERS 1
| #define HAVE_SYS_TYPES_H 1
| #define HAVE_SYS_STAT_H 1
| #define HAVE_STDLIB_H 1
| #define HAVE_STRING_H 1
| #define HAVE_MEMORY_H 1
| #define HAVE_STRINGS_H 1
| #define HAVE_INTTYPES_H 1
| #define HAVE_STDINT_H 1
| #define HAVE_UNISTD_H 1
| #define HAVE_DLFCN_H 1
| #define LT_OBJDIR ".libs/"
| #define PACKAGE "tesseract"
| #define VERSION "3.02.02"
| #define STDC_HEADERS 1
| #define TIME_WITH_SYS_TIME 1
| #define HAVE_SYS_WAIT_H 1
| #define HAVE_SYS_IPC_H 1
| #define HAVE_SYS_SHM_H 1
| #define HAVE_LIMITS_H 1
| #define HAVE_STDBOOL_H 1
| #define HAVE_WCHAR_T 1
| #define HAVE_LONG_LONG_INT 1
| #define HAVE_MBSTATE_T 1
| #define HAVE_STDLIB_H 1
| #define HAVE_UNISTD_H 1
| #define HAVE_SYS_PARAM_H 1
| #define HAVE_GETPAGESIZE 1
| #define HAVE_MMAP 1
| /* end confdefs.h.  */
| #include <stdio.h>
| #ifdef HAVE_SYS_TYPES_H
| # include <sys/types.h>
| #endif
| #ifdef HAVE_SYS_STAT_H
| # include <sys/stat.h>
| #endif
| #ifdef STDC_HEADERS
| # include <stdlib.h>
| # include <stddef.h>
| #else
| # ifdef HAVE_STDLIB_H
| #  include <stdlib.h>
| # endif
| #endif
| #ifdef HAVE_STRING_H
| # if !defined STDC_HEADERS && defined HAVE_MEMORY_H
| #  include <memory.h>
| # endif
| # include <string.h>
| #endif
| #ifdef HAVE_STRINGS_H
| # include <strings.h>
| #endif
| #ifdef HAVE_INTTYPES_H
| # include <inttypes.h>
| #endif
| #ifdef HAVE_STDINT_H
| # include <stdint.h>
| #endif
| #ifdef HAVE_UNISTD_H
| # include <unistd.h>
| #endif
| int
| main ()
| {
| if (sizeof ((pid_t)))
| 	    return 0;
|   ;
|   return 0;
| }
configure:16821: result: yes
configure:16834: checking vfork.h usability
configure:16834: g++ -c -g -O2  -I/opt/local/include conftest.cpp >&5
conftest.cpp:75:10: fatal error: 'vfork.h' file not found
#include <vfork.h>
         ^
1 error generated.
configure:16834: $? = 1
configure: failed program was:
| /* confdefs.h */
| #define PACKAGE_NAME "tesseract"
| #define PACKAGE_TARNAME "tesseract"
| #define PACKAGE_VERSION "3.02.02"
| #define PACKAGE_STRING "tesseract 3.02.02"
| #define PACKAGE_BUGREPORT "http://code.google.com/p/tesseract-ocr/issues/list"
| #define PACKAGE_URL ""
| #define PACKAGE_NAME "tesseract"
| #define PACKAGE_VERSION "3.02.02"
| #define PACKAGE_YEAR "2012"
| #define PACKAGE_DATE "10/23"
| #define STDC_HEADERS 1
| #define HAVE_SYS_TYPES_H 1
| #define HAVE_SYS_STAT_H 1
| #define HAVE_STDLIB_H 1
| #define HAVE_STRING_H 1
| #define HAVE_MEMORY_H 1
| #define HAVE_STRINGS_H 1
| #define HAVE_INTTYPES_H 1
| #define HAVE_STDINT_H 1
| #define HAVE_UNISTD_H 1
| #define HAVE_DLFCN_H 1
| #define LT_OBJDIR ".libs/"
| #define PACKAGE "tesseract"
| #define VERSION "3.02.02"
| #define STDC_HEADERS 1
| #define TIME_WITH_SYS_TIME 1
| #define HAVE_SYS_WAIT_H 1
| #define HAVE_SYS_IPC_H 1
| #define HAVE_SYS_SHM_H 1
| #define HAVE_LIMITS_H 1
| #define HAVE_STDBOOL_H 1
| #define HAVE_WCHAR_T 1
| #define HAVE_LONG_LONG_INT 1
| #define HAVE_MBSTATE_T 1
| #define HAVE_STDLIB_H 1
| #define HAVE_UNISTD_H 1
| #define HAVE_SYS_PARAM_H 1
| #define HAVE_GETPAGESIZE 1
| #define HAVE_MMAP 1
| /* end confdefs.h.  */
| #include <stdio.h>
| #ifdef HAVE_SYS_TYPES_H
| # include <sys/types.h>
| #endif
| #ifdef HAVE_SYS_STAT_H
| # include <sys/stat.h>
| #endif
| #ifdef STDC_HEADERS
| # include <stdlib.h>
| # include <stddef.h>
| #else
| # ifdef HAVE_STDLIB_H
| #  include <stdlib.h>
| # endif
| #endif
| #ifdef HAVE_STRING_H
| # if !defined STDC_HEADERS && defined HAVE_MEMORY_H
| #  include <memory.h>
| # endif
| # include <string.h>
| #endif
| #ifdef HAVE_STRINGS_H
| # include <strings.h>
| #endif
| #ifdef HAVE_INTTYPES_H
| # include <inttypes.h>
| #endif
| #ifdef HAVE_STDINT_H
| # include <stdint.h>
| #endif
| #ifdef HAVE_UNISTD_H
| # include <unistd.h>
| #endif
| #include <vfork.h>
configure:16834: result: no
configure:16834: checking vfork.h presence
configure:16834: g++ -E  -I/opt/local/include conftest.cpp
conftest.cpp:42:10: fatal error: 'vfork.h' file not found
#include <vfork.h>
         ^
1 error generated.
configure:16834: $? = 1
configure: failed program was:
| /* confdefs.h */
| #define PACKAGE_NAME "tesseract"
| #define PACKAGE_TARNAME "tesseract"
| #define PACKAGE_VERSION "3.02.02"
| #define PACKAGE_STRING "tesseract 3.02.02"
| #define PACKAGE_BUGREPORT "http://code.google.com/p/tesseract-ocr/issues/list"
| #define PACKAGE_URL ""
| #define PACKAGE_NAME "tesseract"
| #define PACKAGE_VERSION "3.02.02"
| #define PACKAGE_YEAR "2012"
| #define PACKAGE_DATE "10/23"
| #define STDC_HEADERS 1
| #define HAVE_SYS_TYPES_H 1
| #define HAVE_SYS_STAT_H 1
| #define HAVE_STDLIB_H 1
| #define HAVE_STRING_H 1
| #define HAVE_MEMORY_H 1
| #define HAVE_STRINGS_H 1
| #define HAVE_INTTYPES_H 1
| #define HAVE_STDINT_H 1
| #define HAVE_UNISTD_H 1
| #define HAVE_DLFCN_H 1
| #define LT_OBJDIR ".libs/"
| #define PACKAGE "tesseract"
| #define VERSION "3.02.02"
| #define STDC_HEADERS 1
| #define TIME_WITH_SYS_TIME 1
| #define HAVE_SYS_WAIT_H 1
| #define HAVE_SYS_IPC_H 1
| #define HAVE_SYS_SHM_H 1
| #define HAVE_LIMITS_H 1
| #define HAVE_STDBOOL_H 1
| #define HAVE_WCHAR_T 1
| #define HAVE_LONG_LONG_INT 1
| #define HAVE_MBSTATE_T 1
| #define HAVE_STDLIB_H 1
| #define HAVE_UNISTD_H 1
| #define HAVE_SYS_PARAM_H 1
| #define HAVE_GETPAGESIZE 1
| #define HAVE_MMAP 1
| /* end confdefs.h.  */
| #include <vfork.h>
configure:16834: result: no
configure:16834: checking for vfork.h
configure:16834: result: no
configure:16847: checking for fork
configure:16847: g++ -o conftest -g -O2  -I/opt/local/include  -L/opt/local/lib conftest.cpp -L/opt/local/lib -L/Users/dimuthuupeksha/Documents/Academic/Tesseract-API/src/main/native/src/leptonica/lib >&5
configure:16847: $? = 0
configure:16847: result: yes
configure:16847: checking for vfork
configure:16847: g++ -o conftest -g -O2  -I/opt/local/include  -L/opt/local/lib conftest.cpp -L/opt/local/lib -L/Users/dimuthuupeksha/Documents/Academic/Tesseract-API/src/main/native/src/leptonica/lib >&5
configure:16847: $? = 0
configure:16847: result: yes
configure:16857: checking for working fork
configure:16879: g++ -o conftest -g -O2  -I/opt/local/include  -L/opt/local/lib conftest.cpp -L/opt/local/lib -L/Users/dimuthuupeksha/Documents/Academic/Tesseract-API/src/main/native/src/leptonica/lib >&5
configure:16879: $? = 0
configure:16879: ./conftest
configure:16879: $? = 0
configure:16889: result: yes
configure:16910: checking for working vfork
configure:17020: result: yes
configure:17048: checking for strerror
configure:17048: g++ -o conftest -g -O2  -I/opt/local/include  -L/opt/local/lib conftest.cpp -L/opt/local/lib -L/Users/dimuthuupeksha/Documents/Academic/Tesseract-API/src/main/native/src/leptonica/lib >&5
configure:17048: $? = 0
configure:17048: result: yes
configure:17048: checking for vsnprintf
configure:17048: g++ -o conftest -g -O2  -I/opt/local/include  -L/opt/local/lib conftest.cpp -L/opt/local/lib -L/Users/dimuthuupeksha/Documents/Academic/Tesseract-API/src/main/native/src/leptonica/lib >&5
configure:17048: $? = 0
configure:17048: result: yes
configure:17059: checking for gethostname
configure:17059: g++ -o conftest -g -O2  -I/opt/local/include  -L/opt/local/lib conftest.cpp -L/opt/local/lib -L/Users/dimuthuupeksha/Documents/Academic/Tesseract-API/src/main/native/src/leptonica/lib >&5
configure:17059: $? = 0
configure:17059: result: yes
configure:17071: checking for strchr
configure:17071: g++ -o conftest -g -O2  -I/opt/local/include  -L/opt/local/lib conftest.cpp -L/opt/local/lib -L/Users/dimuthuupeksha/Documents/Academic/Tesseract-API/src/main/native/src/leptonica/lib >&5
configure:17071: $? = 0
configure:17071: result: yes
configure:17071: checking for memcpy
configure:17071: g++ -o conftest -g -O2  -I/opt/local/include  -L/opt/local/lib conftest.cpp -L/opt/local/lib -L/Users/dimuthuupeksha/Documents/Academic/Tesseract-API/src/main/native/src/leptonica/lib >&5
configure:17071: $? = 0
configure:17071: result: yes
configure:17083: checking for acos
configure:17083: g++ -o conftest -g -O2  -I/opt/local/include  -L/opt/local/lib conftest.cpp -L/opt/local/lib -L/Users/dimuthuupeksha/Documents/Academic/Tesseract-API/src/main/native/src/leptonica/lib >&5
configure:17083: $? = 0
configure:17083: result: yes
configure:17083: checking for asin
configure:17083: g++ -o conftest -g -O2  -I/opt/local/include  -L/opt/local/lib conftest.cpp -L/opt/local/lib -L/Users/dimuthuupeksha/Documents/Academic/Tesseract-API/src/main/native/src/leptonica/lib >&5
configure:17083: $? = 0
configure:17083: result: yes
configure:17098: checking for leptonica
configure:17117: result: yes
configure:17119: checking for pixCreate in -llept
configure:17144: g++ -o conftest -g -O2  -I/opt/local/include -I/usr/local/include/leptonica -I/Users/dimuthuupeksha/Documents/Academic/Tesseract-API/src/main/native/includes/leptonica/.  -L/opt/local/lib conftest.cpp -llept  -L/opt/local/lib -L/Users/dimuthuupeksha/Documents/Academic/Tesseract-API/src/main/native/src/leptonica/lib >&5
configure:17144: $? = 0
configure:17153: result: yes
configure:17380: checking that generated files are newer than configure
configure:17386: result: done
configure:17422: creating ./config.status

## ---------------------- ##
## Running config.status. ##
## ---------------------- ##

This file was extended by tesseract config.status 3.02.02, which was
generated by GNU Autoconf 2.69.  Invocation command line was

  CONFIG_FILES    = 
  CONFIG_HEADERS  = 
  CONFIG_LINKS    = 
  CONFIG_COMMANDS = 
  $ ./config.status 

on Dimuthus-MacBook-Pro.local

config.status:1221: creating Makefile
config.status:1221: creating tesseract.pc
config.status:1221: creating api/Makefile
config.status:1221: creating ccmain/Makefile
config.status:1221: creating ccstruct/Makefile
config.status:1221: creating ccutil/Makefile
config.status:1221: creating classify/Makefile
config.status:1221: creating cube/Makefile
config.status:1221: creating cutil/Makefile
config.status:1221: creating dict/Makefile
config.status:1221: creating image/Makefile
config.status:1221: creating neural_networks/runtime/Makefile
config.status:1221: creating textord/Makefile
config.status:1221: creating viewer/Makefile
config.status:1221: creating wordrec/Makefile
config.status:1221: creating training/Makefile
config.status:1221: creating tessdata/Makefile
config.status:1221: creating tessdata/configs/Makefile
config.status:1221: creating tessdata/tessconfigs/Makefile
config.status:1221: creating testing/Makefile
config.status:1221: creating java/Makefile
config.status:1221: creating java/com/Makefile
config.status:1221: creating java/com/google/Makefile
config.status:1221: creating java/com/google/scrollview/Makefile
config.status:1221: creating java/com/google/scrollview/events/Makefile
config.status:1221: creating java/com/google/scrollview/ui/Makefile
config.status:1221: creating doc/Makefile
config.status:1221: creating config_auto.h
config.status:1402: config_auto.h is unchanged
config.status:1450: executing libtool commands
config.status:1450: executing depfiles commands

## ---------------- ##
## Cache variables. ##
## ---------------- ##

ac_cv_build=x86_64-apple-darwin13.0.0
ac_cv_c_bigendian=no
ac_cv_c_compiler_gnu=yes
ac_cv_cxx_compiler_gnu=yes
ac_cv_env_CCC_set=
ac_cv_env_CCC_value=
ac_cv_env_CC_set=
ac_cv_env_CC_value=
ac_cv_env_CFLAGS_set=
ac_cv_env_CFLAGS_value=
ac_cv_env_CPPFLAGS_set=
ac_cv_env_CPPFLAGS_value=
ac_cv_env_CPP_set=
ac_cv_env_CPP_value=
ac_cv_env_CXXCPP_set=
ac_cv_env_CXXCPP_value=
ac_cv_env_CXXFLAGS_set=
ac_cv_env_CXXFLAGS_value=
ac_cv_env_CXX_set=
ac_cv_env_CXX_value=
ac_cv_env_LDFLAGS_set=
ac_cv_env_LDFLAGS_value=
ac_cv_env_LIBLEPT_HEADERSDIR_set=
ac_cv_env_LIBLEPT_HEADERSDIR_value=
ac_cv_env_LIBS_set=set
ac_cv_env_LIBS_value='-L/opt/local/lib -L/Users/dimuthuupeksha/Documents/Academic/Tesseract-API/src/main/native/src/leptonica/lib'
ac_cv_env_build_alias_set=
ac_cv_env_build_alias_value=
ac_cv_env_host_alias_set=
ac_cv_env_host_alias_value=
ac_cv_env_target_alias_set=
ac_cv_env_target_alias_value=
ac_cv_func_acos=yes
ac_cv_func_asin=yes
ac_cv_func_fork=yes
ac_cv_func_fork_works=yes
ac_cv_func_gethostname=yes
ac_cv_func_getpagesize=yes
ac_cv_func_memcpy=yes
ac_cv_func_mmap_fixed_mapped=yes
ac_cv_func_strchr=yes
ac_cv_func_strerror=yes
ac_cv_func_vfork=yes
ac_cv_func_vfork_works=yes
ac_cv_func_vsnprintf=yes
ac_cv_header_allheaders_h=no
ac_cv_header_dlfcn_h=yes
ac_cv_header_inttypes_h=yes
ac_cv_header_limits_h=yes
ac_cv_header_malloc_h=no
ac_cv_header_memory_h=yes
ac_cv_header_stdbool_h=yes
ac_cv_header_stdc=yes
ac_cv_header_stdint_h=yes
ac_cv_header_stdlib_h=yes
ac_cv_header_string_h=yes
ac_cv_header_strings_h=yes
ac_cv_header_sys_ipc_h=yes
ac_cv_header_sys_param_h=yes
ac_cv_header_sys_shm_h=yes
ac_cv_header_sys_stat_h=yes
ac_cv_header_sys_types_h=yes
ac_cv_header_sys_wait_h=yes
ac_cv_header_time=yes
ac_cv_header_unistd_h=yes
ac_cv_header_vfork_h=no
ac_cv_host=x86_64-apple-darwin13.0.0
ac_cv_lib_lept_pixCreate=yes
ac_cv_objext=o
ac_cv_path_EGREP='/usr/bin/grep -E'
ac_cv_path_FGREP='/usr/bin/grep -F'
ac_cv_path_GREP=/usr/bin/grep
ac_cv_path_SED=/usr/bin/sed
ac_cv_path_install='/usr/bin/install -c'
ac_cv_prog_AWK=awk
ac_cv_prog_CPP='gcc -E'
ac_cv_prog_CXXCPP='g++ -E'
ac_cv_prog_ac_ct_AR=ar
ac_cv_prog_ac_ct_CC=gcc
ac_cv_prog_ac_ct_CXX=g++
ac_cv_prog_ac_ct_DSYMUTIL=dsymutil
ac_cv_prog_ac_ct_LIPO=lipo
ac_cv_prog_ac_ct_NMEDIT=nmedit
ac_cv_prog_ac_ct_OTOOL=otool
ac_cv_prog_ac_ct_RANLIB=ranlib
ac_cv_prog_ac_ct_STRIP=strip
ac_cv_prog_cc_c89=
ac_cv_prog_cc_g=yes
ac_cv_prog_cxx_g=yes
ac_cv_prog_make_make_set=yes
ac_cv_search_sem_init='none required'
ac_cv_sys_file_offset_bits=no
ac_cv_sys_interpreter=yes
ac_cv_sys_largefile_CC=no
ac_cv_type__Bool=no
ac_cv_type_long_long_int=yes
ac_cv_type_mbstate_t=yes
ac_cv_type_pid_t=yes
ac_cv_type_size_t=yes
ac_cv_type_wchar_t=yes
am_cv_CC_dependencies_compiler_type=gcc3
am_cv_CXX_dependencies_compiler_type=gcc3
lt_cv_apple_cc_single_mod=yes
lt_cv_ar_at_file=no
lt_cv_deplibs_check_method=pass_all
lt_cv_file_magic_cmd='$MAGIC_CMD'
lt_cv_file_magic_test_file=
lt_cv_ld_exported_symbols_list=yes
lt_cv_ld_force_load=yes
lt_cv_ld_reload_flag=-r
lt_cv_nm_interface='BSD nm'
lt_cv_objdir=.libs
lt_cv_path_LD=/Applications/Xcode.app/Contents/Developer/Toolchains/OSX10.8.xctoolchain/usr/bin/ld
lt_cv_path_LDCXX=/Applications/Xcode.app/Contents/Developer/Toolchains/OSX10.8.xctoolchain/usr/bin/ld
lt_cv_path_NM=/usr/bin/nm
lt_cv_path_mainfest_tool=no
lt_cv_prog_compiler_c_o=yes
lt_cv_prog_compiler_c_o_CXX=yes
lt_cv_prog_compiler_pic='-fno-common -DPIC'
lt_cv_prog_compiler_pic_CXX='-fno-common -DPIC'
lt_cv_prog_compiler_pic_works=yes
lt_cv_prog_compiler_pic_works_CXX=yes
lt_cv_prog_compiler_rtti_exceptions=yes
lt_cv_prog_compiler_static_works=no
lt_cv_prog_compiler_static_works_CXX=no
lt_cv_prog_gnu_ld=no
lt_cv_prog_gnu_ldcxx=no
lt_cv_sharedlib_from_linklib_cmd='printf %s\n'
lt_cv_sys_global_symbol_pipe='sed -n -e '\''s/^.*[	 ]\([BCDEGRST][BCDEGRST]*\)[	 ][	 ]*_\([_A-Za-z][_A-Za-z0-9]*\)$/\1 _\2 \2/p'\'' | sed '\''/ __gnu_lto/d'\'''
lt_cv_sys_global_symbol_to_c_name_address='sed -n -e '\''s/^: \([^ ]*\)[ ]*$/  {\"\1\", (void *) 0},/p'\'' -e '\''s/^[BCDEGRST]* \([^ ]*\) \([^ ]*\)$/  {"\2", (void *) \&\2},/p'\'''
lt_cv_sys_global_symbol_to_c_name_address_lib_prefix='sed -n -e '\''s/^: \([^ ]*\)[ ]*$/  {\"\1\", (void *) 0},/p'\'' -e '\''s/^[BCDEGRST]* \([^ ]*\) \(lib[^ ]*\)$/  {"\2", (void *) \&\2},/p'\'' -e '\''s/^[BCDEGRST]* \([^ ]*\) \([^ ]*\)$/  {"lib\2", (void *) \&\2},/p'\'''
lt_cv_sys_global_symbol_to_cdecl='sed -n -e '\''s/^T .* \(.*\)$/extern int \1();/p'\'' -e '\''s/^[BCDEGRST]* .* \(.*\)$/extern char \1;/p'\'''
lt_cv_sys_max_cmd_len=196608
lt_cv_to_host_file_cmd=func_convert_file_noop
lt_cv_to_tool_file_cmd=func_convert_file_noop

## ----------------- ##
## Output variables. ##
## ----------------- ##

ACLOCAL='${SHELL} /Users/dimuthuupeksha/Documents/Academic/Tesseract-API/src/main/native/src/tesseract/src/config/missing --run aclocal-1.12'
AMDEPBACKSLASH='\'
AMDEP_FALSE='#'
AMDEP_TRUE=''
AMTAR='$${TAR-tar}'
AM_CPPFLAGS=' -O3 -DNDEBUG'
AM_LDFLAGS=''
AR='ar'
AUTOCONF='${SHELL} /Users/dimuthuupeksha/Documents/Academic/Tesseract-API/src/main/native/src/tesseract/src/config/missing --run autoconf'
AUTOHEADER='${SHELL} /Users/dimuthuupeksha/Documents/Academic/Tesseract-API/src/main/native/src/tesseract/src/config/missing --run autoheader'
AUTOMAKE='${SHELL} /Users/dimuthuupeksha/Documents/Academic/Tesseract-API/src/main/native/src/tesseract/src/config/missing --run automake-1.12'
AWK='awk'
CC='gcc'
CCDEPMODE='depmode=gcc3'
CFLAGS='-g -O2'
CPP='gcc -E'
CPPFLAGS=' -I/opt/local/include -I/usr/local/include/leptonica -I/Users/dimuthuupeksha/Documents/Academic/Tesseract-API/src/main/native/includes/leptonica/.'
CXX='g++'
CXXCPP='g++ -E'
CXXDEPMODE='depmode=gcc3'
CXXFLAGS='-g -O2'
CYGPATH_W='echo'
DEFS='-DHAVE_CONFIG_H'
DEPDIR='.deps'
DLLTOOL='false'
DSYMUTIL='dsymutil'
DUMPBIN=''
ECHO_C='\c'
ECHO_N=''
ECHO_T=''
EGREP='/usr/bin/grep -E'
EMBEDDED_FALSE=''
EMBEDDED_TRUE='#'
EXEEXT=''
FGREP='/usr/bin/grep -F'
GENERIC_API_VERSION='3.2'
GENERIC_LIBRARY_NAME='tesseract'
GENERIC_LIBRARY_VERSION='3:2'
GENERIC_MAJOR_VERSION='3'
GENERIC_RELEASE='3.2'
GENERIC_VERSION='3.2.2'
GRAPHICS_DISABLED_FALSE=''
GRAPHICS_DISABLED_TRUE='#'
GREP='/usr/bin/grep'
INSTALL_DATA='${INSTALL} -m 644'
INSTALL_PROGRAM='${INSTALL}'
INSTALL_SCRIPT='${INSTALL}'
INSTALL_STRIP_PROGRAM='$(install_sh) -c -s'
LD='/Applications/Xcode.app/Contents/Developer/Toolchains/OSX10.8.xctoolchain/usr/bin/ld'
LDFLAGS=' -L/opt/local/lib'
LIBLEPT_HEADERSDIR='/usr/local/include /usr/include /Users/dimuthuupeksha/Documents/Academic/Tesseract-API/src/main/native/includes/leptonica'
LIBOBJS=''
LIBS='-lz -L/opt/local/lib -L/Users/dimuthuupeksha/Documents/Academic/Tesseract-API/src/main/native/src/leptonica/lib -llepta -ljpeg -lpng -ltiff'
LIBTOOL='$(SHELL) $(top_builddir)/libtool'
LIPO='lipo'
LN_S='ln -s'
LTLIBOBJS=''
MAINT='#'
MAINTAINER_MODE_FALSE=''
MAINTAINER_MODE_TRUE='#'
MAKEINFO='${SHELL} /Users/dimuthuupeksha/Documents/Academic/Tesseract-API/src/main/native/src/tesseract/src/config/missing --run makeinfo'
MANIFEST_TOOL=':'
MINGW_FALSE=''
MINGW_TRUE='#'
MKDIR_P='config/install-sh -c -d'
NM='/usr/bin/nm'
NMEDIT='nmedit'
NO_TESSDATA_PREFIX_FALSE=''
NO_TESSDATA_PREFIX_TRUE='#'
OBJDUMP='false'
OBJEXT='o'
OTOOL64=':'
OTOOL='otool'
PACKAGE='tesseract'
PACKAGE_BUGREPORT='http://code.google.com/p/tesseract-ocr/issues/list'
PACKAGE_DATE='10/23'
PACKAGE_NAME='tesseract'
PACKAGE_STRING='tesseract 3.02.02'
PACKAGE_TARNAME='tesseract'
PACKAGE_URL=''
PACKAGE_VERSION='3.02.02'
PACKAGE_YEAR='2012'
PATH_SEPARATOR=':'
RANLIB='ranlib'
SED='/usr/bin/sed'
SET_MAKE=''
SHELL='/bin/sh'
STRIP='strip'
USING_CL_FALSE=''
USING_CL_TRUE='#'
USING_MULTIPLELIBS_FALSE=''
USING_MULTIPLELIBS_TRUE='#'
VERSION='3.02.02'
VISIBILITY_FALSE=''
VISIBILITY_TRUE='#'
ac_ct_AR='ar'
ac_ct_CC='gcc'
ac_ct_CXX='g++'
ac_ct_DUMPBIN=''
am__EXEEXT_FALSE=''
am__EXEEXT_TRUE='#'
am__fastdepCC_FALSE='#'
am__fastdepCC_TRUE=''
am__fastdepCXX_FALSE='#'
am__fastdepCXX_TRUE=''
am__include='include'
am__isrc=''
am__leading_dot='.'
am__nodep='_no'
am__quote=''
am__tar='$${TAR-tar} chof - "$$tardir"'
am__untar='$${TAR-tar} xf -'
bindir='${exec_prefix}/bin'
build='x86_64-apple-darwin13.0.0'
build_alias=''
build_cpu='x86_64'
build_os='darwin13.0.0'
build_vendor='apple'
datadir='${datarootdir}'
datarootdir='${prefix}/share'
docdir='${datarootdir}/doc/${PACKAGE_TARNAME}'
dvidir='${docdir}'
exec_prefix='${prefix}'
host='x86_64-apple-darwin13.0.0'
host_alias=''
host_cpu='x86_64'
host_os='darwin13.0.0'
host_vendor='apple'
htmldir='${docdir}'
includedir='${prefix}/include/tesseract'
infodir='${datarootdir}/info'
install_sh='${SHELL} /Users/dimuthuupeksha/Documents/Academic/Tesseract-API/src/main/native/src/tesseract/src/config/install-sh'
libdir='/Users/dimuthuupeksha/Documents/Academic/Tesseract-API/src/main/native/src/tesseract/lib'
libexecdir='${exec_prefix}/libexec'
localedir='${datarootdir}/locale'
localstatedir='${prefix}/var'
mandir='${datarootdir}/man'
mkdir_p='config/install-sh -c -d'
oldincludedir='/usr/include'
pdfdir='${docdir}'
prefix='/usr/local'
program_transform_name='s,x,x,'
psdir='${docdir}'
sbindir='${exec_prefix}/sbin'
sharedstatedir='${prefix}/com'
sysconfdir='${prefix}/etc'
target_alias=''

## ----------- ##
## confdefs.h. ##
## ----------- ##

/* confdefs.h */
#define PACKAGE_NAME "tesseract"
#define PACKAGE_TARNAME "tesseract"
#define PACKAGE_VERSION "3.02.02"
#define PACKAGE_STRING "tesseract 3.02.02"
#define PACKAGE_BUGREPORT "http://code.google.com/p/tesseract-ocr/issues/list"
#define PACKAGE_URL ""
#define PACKAGE_NAME "tesseract"
#define PACKAGE_VERSION "3.02.02"
#define PACKAGE_YEAR "2012"
#define PACKAGE_DATE "10/23"
#define STDC_HEADERS 1
#define HAVE_SYS_TYPES_H 1
#define HAVE_SYS_STAT_H 1
#define HAVE_STDLIB_H 1
#define HAVE_STRING_H 1
#define HAVE_MEMORY_H 1
#define HAVE_STRINGS_H 1
#define HAVE_INTTYPES_H 1
#define HAVE_STDINT_H 1
#define HAVE_UNISTD_H 1
#define HAVE_DLFCN_H 1
#define LT_OBJDIR ".libs/"
#define PACKAGE "tesseract"
#define VERSION "3.02.02"
#define STDC_HEADERS 1
#define TIME_WITH_SYS_TIME 1
#define HAVE_SYS_WAIT_H 1
#define HAVE_SYS_IPC_H 1
#define HAVE_SYS_SHM_H 1
#define HAVE_LIMITS_H 1
#define HAVE_STDBOOL_H 1
#define HAVE_WCHAR_T 1
#define HAVE_LONG_LONG_INT 1
#define HAVE_MBSTATE_T 1
#define HAVE_STDLIB_H 1
#define HAVE_UNISTD_H 1
#define HAVE_SYS_PARAM_H 1
#define HAVE_GETPAGESIZE 1
#define HAVE_MMAP 1
#define HAVE_FORK 1
#define HAVE_VFORK 1
#define HAVE_WORKING_VFORK 1
#define HAVE_WORKING_FORK 1
#define HAVE_STRERROR 1
#define HAVE_VSNPRINTF 1
#define HAVE_GETHOSTNAME 1
#define HAVE_STRCHR 1
#define HAVE_MEMCPY 1
#define HAVE_ACOS 1
#define HAVE_ASIN 1
#define HAVE_LIBLEPT 1

configure: exit 0
